<?xml version="1.0" encoding="UTF-8"?>
<!-- Generated by org.testng.reporters.JUnitXMLReporter -->
<testsuite ignored="0" hostname="LAPTOP-J7JVCU8O" failures="0" tests="9" name="Default test" time="91.836" errors="0" timestamp="2025-01-28T13:20:47 IST">
  <testcase classname="testcases.DashbaordTests" name="AECP_ProjectManager_Dashboard_TC008" time="0.245"/>
  <testcase classname="testcases.DashbaordTests" name="AECP_ProjectManager_Dashboard_TC008" time="0.227"/>
  <testcase classname="testcases.DashbaordTests" name="AECP_ProjectManager_Dashboard_TC008" time="0.256"/>
  <testcase classname="testcases.DashbaordTests" name="AECP_ProjectManager_Dashboard_TC008" time="0.257"/>
  <testcase classname="testcases.DashbaordTests" name="AECP_ProjectManager_Dashboard_TC008" time="0.182"/>
  <testcase classname="testcases.DashbaordTests" name="AECP_ProjectManager_Dashboard_TC008" time="0.276"/>
  <testcase classname="testcases.DashbaordTests" name="AECP_ProjectManager_Dashboard_TC008" time="0.261"/>
  <testcase classname="testcases.DashbaordTests" name="AECP_ProjectManager_Dashboard_TC008" time="0.3"/>
  <testcase classname="testcases.DashbaordTests" name="AECP_ProjectManager_Dashboard_TC008" time="0.331"/>
</testsuite> <!-- Default test -->
