<?xml version="1.0" encoding="UTF-8"?>
<!-- Generated by org.testng.reporters.JUnitXMLReporter -->
<testsuite ignored="0" hostname="LAPTOP-J7JVCU8O" failures="2" tests="55" name="Test" time="604.554" errors="0" timestamp="2025-02-04T13:38:56 IST">
  <testcase classname="testcases.LoginTests" name="AECP_ProjectManager_Login_TC001" time="0.039"/>
  <testcase classname="testcases.LoginTests" name="AECP_ProjectManager_Login_TC002" time="0.018"/>
  <testcase classname="testcases.LoginTests" name="AECP_ProjectManager_Login_TC003" time="4.417">
    <failure type="org.openqa.selenium.NoSuchElementException" message="no such element: Unable to locate element: {&amp;quot;method&amp;quot;:&amp;quot;css selector&amp;quot;,&amp;quot;selector&amp;quot;:&amp;quot;div[class=&amp;apos;Container&amp;apos;] div h1&amp;quot;}
  (Session info: MicrosoftEdge=132.0.2957.140)
For documentation on this error, please visit: https://www.selenium.dev/documentation/webdriver/troubleshooting/errors#no-such-element-exception
Build info: version: &amp;apos;4.27.0&amp;apos;, revision: &amp;apos;d6e718d134&amp;apos;
System info: os.name: &amp;apos;Windows 11&amp;apos;, os.arch: &amp;apos;amd64&amp;apos;, os.version: &amp;apos;10.0&amp;apos;, java.version: &amp;apos;18.0.2&amp;apos;
Driver info: org.openqa.selenium.edge.EdgeDriver
Command: [41f1f80579f73d086f08ed05b77390e4, findElement {using=css selector, value=div[class=&amp;apos;Container&amp;apos;] div h1}]
Capabilities {acceptInsecureCerts: false, browserName: MicrosoftEdge, browserVersion: 132.0.2957.140, fedcm:accounts: true, ms:edgeOptions: {debuggerAddress: localhost:60992}, msedge: {msedgedriverVersion: 132.0.2957.140 (a81e27b375d..., userDataDir: C:\Users\Vaibhavi\AppData\L...}, networkConnectionEnabled: false, pageLoadStrategy: normal, platformName: windows, proxy: Proxy(), se:cdp: ws://localhost:60992/devtoo..., se:cdpVersion: 132.0.2957.140, setWindowRect: true, strictFileInteractability: false, timeouts: {implicit: 0, pageLoad: 300000, script: 30000}, unhandledPromptBehavior: dismiss and notify, webauthn:extension:credBlob: true, webauthn:extension:largeBlob: true, webauthn:extension:minPinLength: true, webauthn:extension:prf: true, webauthn:virtualAuthenticators: true}
Session ID: 41f1f80579f73d086f08ed05b77390e4">
      <![CDATA[org.openqa.selenium.NoSuchElementException: no such element: Unable to locate element: {"method":"css selector","selector":"div[class='Container'] div h1"}
  (Session info: MicrosoftEdge=132.0.2957.140)
For documentation on this error, please visit: https://www.selenium.dev/documentation/webdriver/troubleshooting/errors#no-such-element-exception
Build info: version: '4.27.0', revision: 'd6e718d134'
System info: os.name: 'Windows 11', os.arch: 'amd64', os.version: '10.0', java.version: '18.0.2'
Driver info: org.openqa.selenium.edge.EdgeDriver
Command: [41f1f80579f73d086f08ed05b77390e4, findElement {using=css selector, value=div[class='Container'] div h1}]
Capabilities {acceptInsecureCerts: false, browserName: MicrosoftEdge, browserVersion: 132.0.2957.140, fedcm:accounts: true, ms:edgeOptions: {debuggerAddress: localhost:60992}, msedge: {msedgedriverVersion: 132.0.2957.140 (a81e27b375d..., userDataDir: C:\Users\Vaibhavi\AppData\L...}, networkConnectionEnabled: false, pageLoadStrategy: normal, platformName: windows, proxy: Proxy(), se:cdp: ws://localhost:60992/devtoo..., se:cdpVersion: 132.0.2957.140, setWindowRect: true, strictFileInteractability: false, timeouts: {implicit: 0, pageLoad: 300000, script: 30000}, unhandledPromptBehavior: dismiss and notify, webauthn:extension:credBlob: true, webauthn:extension:largeBlob: true, webauthn:extension:minPinLength: true, webauthn:extension:prf: true, webauthn:virtualAuthenticators: true}
Session ID: 41f1f80579f73d086f08ed05b77390e4
at org.openqa.selenium.remote.ErrorCodec.decode(ErrorCodec.java:167)
at org.openqa.selenium.remote.codec.w3c.W3CHttpResponseCodec.decode(W3CHttpResponseCodec.java:138)
at org.openqa.selenium.remote.codec.w3c.W3CHttpResponseCodec.decode(W3CHttpResponseCodec.java:50)
at org.openqa.selenium.remote.HttpCommandExecutor.execute(HttpCommandExecutor.java:190)
at org.openqa.selenium.remote.service.DriverCommandExecutor.invokeExecute(DriverCommandExecutor.java:216)
at org.openqa.selenium.remote.service.DriverCommandExecutor.execute(DriverCommandExecutor.java:174)
at org.openqa.selenium.remote.RemoteWebDriver.execute(RemoteWebDriver.java:545)
at org.openqa.selenium.remote.ElementLocation$ElementFinder$2.findElement(ElementLocation.java:165)
at org.openqa.selenium.remote.ElementLocation.findElement(ElementLocation.java:59)
at org.openqa.selenium.remote.RemoteWebDriver.findElement(RemoteWebDriver.java:368)
at org.openqa.selenium.remote.RemoteWebDriver.findElement(RemoteWebDriver.java:362)
at org.openqa.selenium.support.pagefactory.DefaultElementLocator.findElement(DefaultElementLocator.java:68)
at org.openqa.selenium.support.pagefactory.internal.LocatingElementHandler.invoke(LocatingElementHandler.java:38)
at jdk.proxy2/jdk.proxy2.$Proxy31.getText(Unknown Source)
at testcases.LoginTests.AECP_ProjectManager_Login_TC003(LoginTests.java:71)
at java.base/java.util.ArrayList.forEach(ArrayList.java:1511)
... Removed 28 stack frames]]>
    </failure>
  </testcase> <!-- AECP_ProjectManager_Login_TC003 -->
  <testcase classname="testcases.LoginTests" name="AECP_ProjectManager_Login_TC006" time="6.115"/>
  <testcase classname="testcases.LoginTests" name="AECP_ProjectManager_Login_TC007" time="3.874"/>
  <testcase classname="testcases.LoginTests" name="AECP_ProjectManager_Login_TC007" time="3.927"/>
  <testcase classname="testcases.LoginTests" name="AECP_ProjectManager_Login_TC007" time="3.908"/>
  <testcase classname="testcases.DashboardTests" name="AECP_ProjectManager_Dashboard_TC001" time="0.014"/>
  <testcase classname="testcases.DashboardTests" name="AECP_ProjectManager_Dashboard_TC002" time="0.027"/>
  <testcase classname="testcases.DashboardTests" name="AECP_ProjectManager_Dashboard_TC004" time="0.055"/>
  <testcase classname="testcases.DashboardTests" name="AECP_ProjectManager_Dashboard_TC008" time="0.327"/>
  <testcase classname="testcases.DashboardTests" name="AECP_ProjectManager_Dashboard_TC008" time="0.237"/>
  <testcase classname="testcases.DashboardTests" name="AECP_ProjectManager_Dashboard_TC008" time="0.27"/>
  <testcase classname="testcases.DashboardTests" name="AECP_ProjectManager_Dashboard_TC008" time="0.277"/>
  <testcase classname="testcases.DashboardTests" name="AECP_ProjectManager_Dashboard_TC008" time="0.281"/>
  <testcase classname="testcases.DashboardTests" name="AECP_ProjectManager_Dashboard_TC008" time="0.287"/>
  <testcase classname="testcases.DashboardTests" name="AECP_ProjectManager_Dashboard_TC008" time="0.336"/>
  <testcase classname="testcases.DashboardTests" name="AECP_ProjectManager_Dashboard_TC008" time="0.255"/>
  <testcase classname="testcases.DashboardTests" name="AECP_ProjectManager_Dashboard_TC008" time="0.319"/>
  <testcase classname="testcases.DashboardTests" name="AECP_ProjectManager_Dashboard_TC016" time="0.217"/>
  <testcase classname="testcases.DashboardTests" name="AECP_ProjectManager_Dashboard_TC017" time="0.223"/>
  <testcase classname="testcases.DashboardTests" name="AECP_ProjectManager_Dashboard_TC018" time="0.229"/>
  <testcase classname="testcases.DashboardTests" name="AECP_ProjectManager_Dashboard_TC019" time="0.239"/>
  <testcase classname="testcases.DashboardTests" name="AECP_ProjectManager_Dashboard_TC020" time="0.233"/>
  <testcase classname="testcases.DashboardTests" name="AECP_ProjectManager_Dashboard_TC015" time="0.248"/>
  <testcase classname="testcases.DashboardTests" name="AECP_ProjectManager_Dashboard_TC021" time="0.064"/>
  <testcase classname="testcases.ProjectTests" name="AECP_ProjectManager_Project_TC001" time="0.275"/>
  <testcase classname="testcases.ProjectTests" name="AECP_ProjectManager_Project_TC002" time="0.022"/>
  <testcase classname="testcases.ProjectTests" name="AECP_ProjectManager_Dashboard_TC004" time="0.193"/>
  <testcase classname="testcases.ProjectTests" name="AECP_ProjectManager_Project_TC005" time="2.817"/>
  <testcase classname="testcases.ProjectTests" name="AECP_ProjectManager_Project_TC006" time="0.218"/>
  <testcase classname="testcases.ProjectTests" name="AECP_ProjectManager_Project_TC009" time="0.389"/>
  <testcase classname="testcases.ProjectTests" name="AECP_ProjectManager_Project_TC015" time="0.818"/>
  <testcase classname="testcases.TaskTests" name="AECP_ProjectManager_Task_TC001" time="0.009"/>
  <testcase classname="testcases.TaskTests" name="AECP_ProjectManager_Task_TC002" time="0.198"/>
  <testcase classname="testcases.TaskTests" name="AECP_ProjectManager_Task_TC004" time="0.255"/>
  <testcase classname="testcases.TaskTests" name="AECP_ProjectManager_Task_TC006" time="0.2"/>
  <testcase classname="testcases.TaskTests" name="AECP_ProjectManager_Task_TC009" time="0.913"/>
  <testcase classname="testcases.TaskTests" name="AECP_ProjectManager_Task_TC009" time="0.672"/>
  <testcase classname="testcases.TaskTests" name="AECP_ProjectManager_Task_TC009" time="0.448"/>
  <testcase classname="testcases.TaskTests" name="AECP_ProjectManager_Task_TC009" time="0.687"/>
  <testcase classname="testcases.TaskTests" name="AECP_ProjectManager_Task_TC009" time="0.702"/>
  <testcase classname="testcases.TaskTests" name="AECP_ProjectManager_Task_TC009" time="0.907"/>
  <testcase classname="testcases.TaskTests" name="AECP_ProjectManager_Task_TC009" time="0.734"/>
  <testcase classname="testcases.TaskTests" name="AECP_ProjectManager_Task_TC009" time="0.591"/>
  <testcase classname="testcases.TaskTests" name="AECP_ProjectManager_Task_TC009" time="0.674"/>
  <testcase classname="testcases.TaskTests" name="AECP_ProjectManager_Task_TC010" time="0.346"/>
  <testcase classname="testcases.TaskTests" name="AECP_ProjectManager_Task_TC011" time="0.349"/>
  <testcase classname="testcases.TaskTests" name="AECP_ProjectManager_Task_TC011" time="0.354"/>
  <testcase classname="testcases.TaskTests" name="AECP_ProjectManager_Task_TC011" time="0.361"/>
  <testcase classname="testcases.TaskTests" name="AECP_ProjectManager_Task_TC012" time="0.923"/>
  <testcase classname="testcases.TaskTests" name="AECP_ProjectManager_Task_TC018" time="0.569"/>
  <testcase classname="testcases.TaskTests" name="AECP_ProjectManager_Task_TC033" time="1.132"/>
  <testcase classname="testcases.TaskTests" name="AECP_ProjectManager_Task_TC034" time="1.074"/>
  <testcase classname="testcases.TaskTests" name="AECP_ProjectManager_Task_TC035" time="0.614">
    <failure type="java.lang.AssertionError" message="expected [false] but found [true]">
      <![CDATA[java.lang.AssertionError: expected [false] but found [true]
at pages.TaskPage.deleteTask(TaskPage.java:152)
at testcases.TaskTests.AECP_ProjectManager_Task_TC035(TaskTests.java:223)
at java.base/java.util.ArrayList.forEach(ArrayList.java:1511)
... Removed 29 stack frames]]>
    </failure>
  </testcase> <!-- AECP_ProjectManager_Task_TC035 -->
</testsuite> <!-- Test -->
