<?xml version="1.0" encoding="UTF-8"?>
<!-- Generated by org.testng.reporters.JUnitXMLReporter -->
<testsuite ignored="0" hostname="LAPTOP-J7JVCU8O" failures="1" tests="69" name="Test" time="757.562" errors="0" timestamp="2025-02-06T16:00:06 IST">
  <testcase classname="testcases.LoginTests" name="AECP_ProjectManager_Login_TC001" time="2.457"/>
  <testcase classname="testcases.LoginTests" name="AECP_ProjectManager_Login_TC002" time="0.016"/>
  <testcase classname="testcases.LoginTests" name="AECP_ProjectManager_Login_TC003" time="0.125"/>
  <testcase classname="testcases.LoginTests" name="AECP_ProjectManager_Login_TC006" time="3.793"/>
  <testcase classname="testcases.LoginTests" name="AECP_ProjectManager_Login_TC007" time="3.836"/>
  <testcase classname="testcases.LoginTests" name="AECP_ProjectManager_Login_TC007" time="3.81"/>
  <testcase classname="testcases.LoginTests" name="AECP_ProjectManager_Login_TC007" time="3.799"/>
  <testcase classname="testcases.DashboardTests" name="AECP_ProjectManager_Dashboard_TC001" time="0.016"/>
  <testcase classname="testcases.DashboardTests" name="AECP_ProjectManager_Dashboard_TC002" time="0.005"/>
  <testcase classname="testcases.DashboardTests" name="AECP_ProjectManager_Dashboard_TC004" time="0.048"/>
  <testcase classname="testcases.DashboardTests" name="AECP_ProjectManager_Dashboard_TC008" time="0.19"/>
  <testcase classname="testcases.DashboardTests" name="AECP_ProjectManager_Dashboard_TC008" time="0.207"/>
  <testcase classname="testcases.DashboardTests" name="AECP_ProjectManager_Dashboard_TC008" time="0.18"/>
  <testcase classname="testcases.DashboardTests" name="AECP_ProjectManager_Dashboard_TC008" time="0.188"/>
  <testcase classname="testcases.DashboardTests" name="AECP_ProjectManager_Dashboard_TC008" time="0.194"/>
  <testcase classname="testcases.DashboardTests" name="AECP_ProjectManager_Dashboard_TC008" time="0.204"/>
  <testcase classname="testcases.DashboardTests" name="AECP_ProjectManager_Dashboard_TC008" time="0.341"/>
  <testcase classname="testcases.DashboardTests" name="AECP_ProjectManager_Dashboard_TC008" time="0.2"/>
  <testcase classname="testcases.DashboardTests" name="AECP_ProjectManager_Dashboard_TC008" time="0.297"/>
  <testcase classname="testcases.DashboardTests" name="AECP_ProjectManager_Dashboard_TC016" time="0.151"/>
  <testcase classname="testcases.DashboardTests" name="AECP_ProjectManager_Dashboard_TC017" time="0.134"/>
  <testcase classname="testcases.DashboardTests" name="AECP_ProjectManager_Dashboard_TC018" time="0.153"/>
  <testcase classname="testcases.DashboardTests" name="AECP_ProjectManager_Dashboard_TC019" time="0.124"/>
  <testcase classname="testcases.DashboardTests" name="AECP_ProjectManager_Dashboard_TC020" time="0.175"/>
  <testcase classname="testcases.DashboardTests" name="AECP_ProjectManager_Dashboard_TC015" time="0.171"/>
  <testcase classname="testcases.DashboardTests" name="AECP_ProjectManager_Dashboard_TC021" time="0.053"/>
  <testcase classname="testcases.ProjectTests" name="AECP_ProjectManager_Project_TC001" time="0.287"/>
  <testcase classname="testcases.ProjectTests" name="AECP_ProjectManager_Project_TC002" time="0.011"/>
  <testcase classname="testcases.ProjectTests" name="AECP_ProjectManager_Dashboard_TC004" time="0.234"/>
  <testcase classname="testcases.ProjectTests" name="AECP_ProjectManager_Project_TC005" time="2.712"/>
  <testcase classname="testcases.ProjectTests" name="AECP_ProjectManager_Project_TC006" time="0.177"/>
  <testcase classname="testcases.ProjectTests" name="AECP_ProjectManager_Project_TC009" time="0.315"/>
  <testcase classname="testcases.ProjectTests" name="AECP_ProjectManager_Project_TC015" time="0.728"/>
  <testcase classname="testcases.TaskTests" name="AECP_ProjectManager_Task_TC001" time="0.034"/>
  <testcase classname="testcases.TaskTests" name="AECP_ProjectManager_Task_TC002" time="0.226"/>
  <testcase classname="testcases.TaskTests" name="AECP_ProjectManager_Task_TC004" time="0.13"/>
  <testcase classname="testcases.TaskTests" name="AECP_ProjectManager_Task_TC006" time="0.188"/>
  <testcase classname="testcases.TaskTests" name="AECP_ProjectManager_Task_TC009" time="0.446"/>
  <testcase classname="testcases.TaskTests" name="AECP_ProjectManager_Task_TC009" time="0.439"/>
  <testcase classname="testcases.TaskTests" name="AECP_ProjectManager_Task_TC009" time="0.494"/>
  <testcase classname="testcases.TaskTests" name="AECP_ProjectManager_Task_TC009" time="0.733"/>
  <testcase classname="testcases.TaskTests" name="AECP_ProjectManager_Task_TC009" time="0.402"/>
  <testcase classname="testcases.TaskTests" name="AECP_ProjectManager_Task_TC009" time="0.574"/>
  <testcase classname="testcases.TaskTests" name="AECP_ProjectManager_Task_TC009" time="0.57"/>
  <testcase classname="testcases.TaskTests" name="AECP_ProjectManager_Task_TC009" time="0.754"/>
  <testcase classname="testcases.TaskTests" name="AECP_ProjectManager_Task_TC009" time="0.501"/>
  <testcase classname="testcases.TaskTests" name="AECP_ProjectManager_Task_TC010" time="0.237"/>
  <testcase classname="testcases.TaskTests" name="AECP_ProjectManager_Task_TC011" time="0.492"/>
  <testcase classname="testcases.TaskTests" name="AECP_ProjectManager_Task_TC011" time="0.333"/>
  <testcase classname="testcases.TaskTests" name="AECP_ProjectManager_Task_TC011" time="0.543"/>
  <testcase classname="testcases.TaskTests" name="AECP_ProjectManager_Task_TC012" time="1.127"/>
  <testcase classname="testcases.TaskTests" name="AECP_ProjectManager_Task_TC018" time="0.396"/>
  <testcase classname="testcases.TaskTests" name="AECP_ProjectManager_Task_TC033" time="0.729"/>
  <testcase classname="testcases.TaskTests" name="AECP_ProjectManager_Task_TC034" time="0.776"/>
  <testcase classname="testcases.TaskTests" name="AECP_ProjectManager_Task_TC035" time="0.736">
    <failure type="java.lang.AssertionError" message="expected [false] but found [true]">
      <![CDATA[java.lang.AssertionError: expected [false] but found [true]
at pages.TaskPage.deleteTask(TaskPage.java:152)
at testcases.TaskTests.AECP_ProjectManager_Task_TC035(TaskTests.java:223)
at java.base/java.util.ArrayList.forEach(ArrayList.java:1511)
... Removed 29 stack frames]]>
    </failure>
  </testcase> <!-- AECP_ProjectManager_Task_TC035 -->
  <testcase classname="testcases.MaterialTests" name="AECP_ProjectManager_Materials_TC001" time="0.338"/>
  <testcase classname="testcases.MaterialTests" name="AECP_ProjectManager_Materials_TC002" time="0.117"/>
  <testcase classname="testcases.MaterialTests" name="AECP_ProjectManager_Materials_TC003" time="0.211"/>
  <testcase classname="testcases.MaterialTests" name="AECP_ProjectManager_Materials_TC004" time="0.142"/>
  <testcase classname="testcases.MaterialTests" name="AECP_ProjectManager_Materials_TC005" time="2.269"/>
  <testcase classname="testcases.MaterialTests" name="AECP_ProjectManager_Materials_TC006" time="0.136"/>
  <testcase classname="testcases.MaterialTests" name="AECP_ProjectManager_Materials_TC017" time="0.854"/>
  <testcase classname="testcases.EngineerTests" name="AECP_ProjectManager_Engineers_TC001" time="0.17"/>
  <testcase classname="testcases.EngineerTests" name="AECP_ProjectManager_Engineers_TC002" time="0.155"/>
  <testcase classname="testcases.EngineerTests" name="AECP_ProjectManager_Engineers_TC003" time="0.151"/>
  <testcase classname="testcases.EngineerTests" name="AECP_ProjectManager_Engineers_TC004" time="0.136"/>
  <testcase classname="testcases.EngineerTests" name="AECP_ProjectManager_Engineers_TC005" time="2.087"/>
  <testcase classname="testcases.EngineerTests" name="AECP_ProjectManager_Engineers_TC006" time="0.118"/>
  <testcase classname="testcases.EngineerTests" name="AECP_ProjectManager_Engineers_TC018" time="0.27"/>
</testsuite> <!-- Test -->
