<?xml version="1.0" encoding="UTF-8"?>
<!-- Generated by org.testng.reporters.JUnitXMLReporter -->
<testsuite ignored="0" hostname="LAPTOP-J7JVCU8O" failures="0" tests="24" name="Test" time="273.824" errors="0" timestamp="2025-01-29T16:07:22 IST">
  <testcase classname="base.BaseClass1" name="@BeforeMethod setUp" time="3.289">
    <failure type="org.openqa.selenium.WebDriverException" message="unknown error: net::ERR_INTERNET_DISCONNECTED
  (Session info: MicrosoftEdge=132.0.2957.127)
Build info: version: &amp;apos;4.27.0&amp;apos;, revision: &amp;apos;d6e718d134&amp;apos;
System info: os.name: &amp;apos;Windows 11&amp;apos;, os.arch: &amp;apos;amd64&amp;apos;, os.version: &amp;apos;10.0&amp;apos;, java.version: &amp;apos;18.0.2&amp;apos;
Driver info: org.openqa.selenium.edge.EdgeDriver
Command: [97ba2d230d315d6bf44a94e2ec260552, get {url=https://aecp.aecearth.io/login}]
Capabilities {acceptInsecureCerts: false, browserName: MicrosoftEdge, browserVersion: 132.0.2957.127, fedcm:accounts: true, ms:edgeOptions: {debuggerAddress: localhost:60314}, msedge: {msedgedriverVersion: 132.0.2957.127 (cbce079b96b..., userDataDir: C:\Users\Vaibhavi\AppData\L...}, networkConnectionEnabled: false, pageLoadStrategy: normal, platformName: windows, proxy: Proxy(), se:cdp: ws://localhost:60314/devtoo..., se:cdpVersion: 132.0.2957.127, setWindowRect: true, strictFileInteractability: false, timeouts: {implicit: 0, pageLoad: 300000, script: 30000}, unhandledPromptBehavior: dismiss and notify, webauthn:extension:credBlob: true, webauthn:extension:largeBlob: true, webauthn:extension:minPinLength: true, webauthn:extension:prf: true, webauthn:virtualAuthenticators: true}
Session ID: 97ba2d230d315d6bf44a94e2ec260552">
      <![CDATA[org.openqa.selenium.WebDriverException: unknown error: net::ERR_INTERNET_DISCONNECTED
  (Session info: MicrosoftEdge=132.0.2957.127)
Build info: version: '4.27.0', revision: 'd6e718d134'
System info: os.name: 'Windows 11', os.arch: 'amd64', os.version: '10.0', java.version: '18.0.2'
Driver info: org.openqa.selenium.edge.EdgeDriver
Command: [97ba2d230d315d6bf44a94e2ec260552, get {url=https://aecp.aecearth.io/login}]
Capabilities {acceptInsecureCerts: false, browserName: MicrosoftEdge, browserVersion: 132.0.2957.127, fedcm:accounts: true, ms:edgeOptions: {debuggerAddress: localhost:60314}, msedge: {msedgedriverVersion: 132.0.2957.127 (cbce079b96b..., userDataDir: C:\Users\Vaibhavi\AppData\L...}, networkConnectionEnabled: false, pageLoadStrategy: normal, platformName: windows, proxy: Proxy(), se:cdp: ws://localhost:60314/devtoo..., se:cdpVersion: 132.0.2957.127, setWindowRect: true, strictFileInteractability: false, timeouts: {implicit: 0, pageLoad: 300000, script: 30000}, unhandledPromptBehavior: dismiss and notify, webauthn:extension:credBlob: true, webauthn:extension:largeBlob: true, webauthn:extension:minPinLength: true, webauthn:extension:prf: true, webauthn:virtualAuthenticators: true}
Session ID: 97ba2d230d315d6bf44a94e2ec260552
at org.openqa.selenium.remote.ErrorCodec.decode(ErrorCodec.java:167)
at org.openqa.selenium.remote.codec.w3c.W3CHttpResponseCodec.decode(W3CHttpResponseCodec.java:138)
at org.openqa.selenium.remote.codec.w3c.W3CHttpResponseCodec.decode(W3CHttpResponseCodec.java:50)
at org.openqa.selenium.remote.HttpCommandExecutor.execute(HttpCommandExecutor.java:190)
at org.openqa.selenium.remote.service.DriverCommandExecutor.invokeExecute(DriverCommandExecutor.java:216)
at org.openqa.selenium.remote.service.DriverCommandExecutor.execute(DriverCommandExecutor.java:174)
at org.openqa.selenium.remote.RemoteWebDriver.execute(RemoteWebDriver.java:545)
at org.openqa.selenium.remote.RemoteWebDriver.get(RemoteWebDriver.java:313)
at utilities.UtilClass.getApplication(UtilClass.java:125)
at base.BaseClass1.setUp(BaseClass1.java:40)
at java.base/java.util.ArrayList.forEach(ArrayList.java:1511)
... Removed 32 stack frames]]>
    </failure>
  </testcase> <!-- @BeforeMethod setUp -->
  <testcase classname="base.BaseClass1" name="@AfterMethod tearDown" time="0.0">
    <skipped/>
  </testcase> <!-- @AfterMethod tearDown -->
  <testcase classname="base.BaseClass1" name="@BeforeMethod setUp" time="0.0">
    <skipped/>
  </testcase> <!-- @BeforeMethod setUp -->
  <testcase classname="base.BaseClass1" name="@AfterMethod tearDown" time="0.0">
    <skipped/>
  </testcase> <!-- @AfterMethod tearDown -->
  <testcase classname="base.BaseClass1" name="@BeforeMethod setUp" time="0.0">
    <skipped/>
  </testcase> <!-- @BeforeMethod setUp -->
  <testcase classname="base.BaseClass1" name="@AfterMethod tearDown" time="0.0">
    <skipped/>
  </testcase> <!-- @AfterMethod tearDown -->
  <testcase classname="base.BaseClass1" name="@BeforeMethod setUp" time="0.0">
    <skipped/>
  </testcase> <!-- @BeforeMethod setUp -->
  <testcase classname="base.BaseClass1" name="@AfterMethod tearDown" time="0.0">
    <skipped/>
  </testcase> <!-- @AfterMethod tearDown -->
  <testcase classname="base.BaseClass1" name="@BeforeMethod setUp" time="0.0">
    <skipped/>
  </testcase> <!-- @BeforeMethod setUp -->
  <testcase classname="base.BaseClass1" name="@AfterMethod tearDown" time="0.0">
    <skipped/>
  </testcase> <!-- @AfterMethod tearDown -->
  <testcase classname="base.BaseClass1" name="@AfterClass teardown" time="0.0">
    <skipped/>
  </testcase> <!-- @AfterClass teardown -->
  <testcase classname="testcases.LoginTests" name="AECP_ProjectManager_Login_TC001" time="0.049"/>
  <testcase classname="testcases.LoginTests" name="AECP_ProjectManager_Login_TC002" time="0.023"/>
  <testcase classname="testcases.LoginTests" name="AECP_ProjectManager_Login_TC006" time="3.682"/>
  <testcase classname="testcases.LoginTests" name="AECP_ProjectManager_Login_TC007" time="4.093"/>
  <testcase classname="testcases.LoginTests" name="AECP_ProjectManager_Login_TC007" time="3.906"/>
  <testcase classname="testcases.LoginTests" name="AECP_ProjectManager_Login_TC007" time="3.939"/>
  <testcase classname="testcases.DashboardTests" name="AECP_ProjectManager_Dashboard_TC001" time="0.027"/>
  <testcase classname="testcases.DashboardTests" name="AECP_ProjectManager_Dashboard_TC002" time="0.017"/>
  <testcase classname="testcases.DashboardTests" name="AECP_ProjectManager_Dashboard_TC004" time="0.045"/>
  <testcase classname="testcases.DashboardTests" name="AECP_ProjectManager_Dashboard_TC008" time="0.229"/>
  <testcase classname="testcases.DashboardTests" name="AECP_ProjectManager_Dashboard_TC008" time="0.287"/>
  <testcase classname="testcases.DashboardTests" name="AECP_ProjectManager_Dashboard_TC008" time="0.294"/>
  <testcase classname="testcases.DashboardTests" name="AECP_ProjectManager_Dashboard_TC008" time="0.251"/>
  <testcase classname="testcases.DashboardTests" name="AECP_ProjectManager_Dashboard_TC008" time="0.277"/>
  <testcase classname="testcases.DashboardTests" name="AECP_ProjectManager_Dashboard_TC008" time="0.255"/>
  <testcase classname="testcases.DashboardTests" name="AECP_ProjectManager_Dashboard_TC008" time="0.29"/>
  <testcase classname="testcases.DashboardTests" name="AECP_ProjectManager_Dashboard_TC008" time="0.306"/>
  <testcase classname="testcases.DashboardTests" name="AECP_ProjectManager_Dashboard_TC008" time="0.266"/>
  <testcase classname="testcases.DashboardTests" name="AECP_ProjectManager_Dashboard_TC016" time="0.199"/>
  <testcase classname="testcases.DashboardTests" name="AECP_ProjectManager_Dashboard_TC017" time="0.0">
    <skipped/>
  </testcase> <!-- AECP_ProjectManager_Dashboard_TC017 -->
  <testcase classname="testcases.DashboardTests" name="AECP_ProjectManager_Dashboard_TC018" time="0.0">
    <skipped/>
  </testcase> <!-- AECP_ProjectManager_Dashboard_TC018 -->
  <testcase classname="testcases.DashboardTests" name="AECP_ProjectManager_Dashboard_TC019" time="0.0">
    <skipped/>
  </testcase> <!-- AECP_ProjectManager_Dashboard_TC019 -->
  <testcase classname="testcases.DashboardTests" name="AECP_ProjectManager_Dashboard_TC020" time="0.0">
    <skipped/>
  </testcase> <!-- AECP_ProjectManager_Dashboard_TC020 -->
  <testcase classname="testcases.DashboardTests" name="AECP_ProjectManager_Dashboard_TC015" time="0.0">
    <skipped/>
  </testcase> <!-- AECP_ProjectManager_Dashboard_TC015 -->
</testsuite> <!-- Test -->
