<?xml version="1.0" encoding="UTF-8"?>
<!-- Generated by org.testng.reporters.JUnitXMLReporter -->
<testsuite ignored="0" hostname="LAPTOP-J7JVCU8O" failures="1" tests="1" name="Test" time="12.082" errors="0" timestamp="2025-01-16T17:39:46 IST">
  <testcase classname="testcases.LoginTests" name="AECP_ProjectManager_Login_TC002" time="0.069">
    <failure type="java.lang.AssertionError" message="expected [AEC] but found [AECP]">
      <![CDATA[java.lang.AssertionError: expected [AEC] but found [AECP]
at testcases.LoginTests.AECP_ProjectManager_Login_TC002(LoginTests.java:28)
at java.base/java.util.ArrayList.forEach(ArrayList.java:1511)
... Removed 31 stack frames]]>
    </failure>
  </testcase> <!-- AECP_ProjectManager_Login_TC002 -->
</testsuite> <!-- Test -->
