[INFO ] 2025-01-15 12:50:41.247 [main] LoginTests - actual title matches with expected title
[INFO ] 2025-01-15 12:53:10.082 [main] LoginTests - actual title matches with expected title
[INFO ] 2025-01-15 14:01:22.661 [main] LoginTests - actual title matches with expected title
[INFO ] 2025-01-15 14:12:16.675 [main] LoginTests - actual title matches with expected title
[INFO ] 2025-01-15 15:14:01.293 [main] LoginTests - actual title matches with expected title
[INFO ] 2025-01-15 20:16:38.431 [main] LoginTests - actual title matches with expected title
[INFO ] 2025-01-16 13:20:43.582 [main] LoginTests - actual title matches with expected title
[INFO ] 2025-01-16 13:26:35.762 [main] LoginTests - actual title matches with expected title
[INFO ] 2025-01-16 13:39:58.216 [main] LoginTests - actual title matches with expected title
[INFO ] 2025-01-16 14:00:21.329 [main] LoginTests - Fetched the actual title: AECP
[INFO ] 2025-01-16 14:00:21.337 [main] LoginTests - actual title matches with expected title
[INFO ] 2025-01-16 14:02:26.149 [main] LoginTests - Fetched the actual title: AECP
[INFO ] 2025-01-16 14:02:26.161 [main] LoginTests - actual title matches with expected title
[INFO ] 2025-01-16 14:53:24.144 [main] LoginTests - Fetched the actual title: AECP
[INFO ] 2025-01-16 14:53:24.146 [main] LoginTests - actual title matches with expected title
[INFO ] 2025-01-16 14:56:45.068 [main] LoginTests - Fetched the actual title: AECP
[INFO ] 2025-01-16 14:56:45.070 [main] LoginTests - actual title matches with expected title
[INFO ] 2025-01-16 16:58:02.612 [main] LoginTests - Fetched the actual title: AECP
[INFO ] 2025-01-16 16:58:02.615 [main] LoginTests - actual title matches with expected title
[INFO ] 2025-01-16 17:02:14.545 [main] LoginTests - Fetched the actual title: AECP
[INFO ] 2025-01-16 17:05:13.007 [main] LoginTests - Fetched the actual title: AECP
[INFO ] 2025-01-16 17:07:08.539 [main] LoginTests - Fetched the actual title: AECP
[INFO ] 2025-01-16 17:15:40.103 [main] LoginTests - Fetched the actual title: AECP
[INFO ] 2025-01-16 17:24:45.938 [main] LoginTests - Fetched the actual title: AECP
[INFO ] 2025-01-16 17:39:43.314 [main] LoginTests - Fetched the actual title: AECP
[INFO ] 2025-01-16 18:52:03.628 [main] LoginTests - Fetched the actual title: AECP
[INFO ] 2025-01-16 18:52:14.824 [main] LoginTests - Login happened successfully
[INFO ] 2025-01-16 18:52:14.831 [main] LoginTests - current url captured in a variable
[INFO ] 2025-01-16 18:52:14.831 [main] LoginTests - current url matches with the expected url - 'https://aecp.aecearth.io/project-admin/project-management/dashboard'
[INFO ] 2025-01-16 18:52:27.539 [main] LoginTests - Entered invalid login credentials
[INFO ] 2025-01-16 18:52:27.595 [main] LoginTests - URL does not changed login not happened with invalid credentials
[INFO ] 2025-01-16 18:52:52.603 [main] LoginTests - Entered invalid login credentials
[INFO ] 2025-01-16 18:52:52.610 [main] LoginTests - URL does not changed login not happened with invalid credentials
[INFO ] 2025-01-16 18:53:06.799 [main] LoginTests - Entered invalid login credentials
[INFO ] 2025-01-16 18:53:06.877 [main] LoginTests - URL does not changed login not happened with invalid credentials
[INFO ] 2025-01-28 09:32:18.876 [main] LoginTests - Login happened successfully
[INFO ] 2025-01-28 09:32:18.894 [main] LoginTests - current url captured in a variable
[INFO ] 2025-01-28 09:32:18.897 [main] LoginTests - current url matches with the expected url - 'https://aecp.aecearth.io/project-admin/project-management/dashboard'
[INFO ] 2025-01-28 09:32:32.368 [main] LoginTests - Entered invalid login credentials
[INFO ] 2025-01-28 09:32:32.381 [main] LoginTests - URL does not changed login not happened with invalid credentials
[INFO ] 2025-01-28 09:32:43.720 [main] LoginTests - Entered invalid login credentials
[INFO ] 2025-01-28 09:32:43.749 [main] LoginTests - URL does not changed login not happened with invalid credentials
[INFO ] 2025-01-28 09:32:55.282 [main] LoginTests - Entered invalid login credentials
[INFO ] 2025-01-28 09:32:55.300 [main] LoginTests - URL does not changed login not happened with invalid credentials
[INFO ] 2025-01-28 10:06:32.324 [main] LoginTests - Fetched the actual title: AECP
[INFO ] 2025-01-28 10:06:32.333 [main] LoginTests - actual title matches with expected title
[INFO ] 2025-01-28 10:06:44.018 [main] LoginTests - Login happened successfully
[INFO ] 2025-01-28 10:06:44.026 [main] LoginTests - current url captured in a variable
[INFO ] 2025-01-28 10:06:44.026 [main] LoginTests - current url matches with the expected url - 'https://aecp.aecearth.io/project-admin/project-management/dashboard'
[INFO ] 2025-01-28 10:06:55.042 [main] LoginTests - Entered invalid login credentials
[INFO ] 2025-01-28 10:06:55.054 [main] LoginTests - URL does not changed login not happened with invalid credentials
[INFO ] 2025-01-28 10:07:04.399 [main] LoginTests - Entered invalid login credentials
[INFO ] 2025-01-28 10:07:04.419 [main] LoginTests - URL does not changed login not happened with invalid credentials
[INFO ] 2025-01-28 10:07:14.177 [main] LoginTests - Entered invalid login credentials
[INFO ] 2025-01-28 10:07:14.188 [main] LoginTests - URL does not changed login not happened with invalid credentials
[INFO ] 2025-01-28 10:10:28.286 [main] LoginTests - Fetched the actual title: AECP
[INFO ] 2025-01-28 10:10:28.288 [main] LoginTests - actual title matches with expected title
[INFO ] 2025-01-28 10:10:37.398 [main] LoginTests - Login happened successfully
[INFO ] 2025-01-28 10:10:37.415 [main] LoginTests - current url captured in a variable
[INFO ] 2025-01-28 10:10:37.415 [main] LoginTests - current url matches with the expected url - 'https://aecp.aecearth.io/project-admin/project-management/dashboard'
[INFO ] 2025-01-28 10:10:47.267 [main] LoginTests - Entered invalid login credentials
[INFO ] 2025-01-28 10:10:47.281 [main] LoginTests - URL does not changed login not happened with invalid credentials
[INFO ] 2025-01-28 10:11:02.255 [main] LoginTests - Entered invalid login credentials
[INFO ] 2025-01-28 10:11:02.295 [main] LoginTests - URL does not changed login not happened with invalid credentials
[INFO ] 2025-01-28 10:11:13.215 [main] LoginTests - Entered invalid login credentials
[INFO ] 2025-01-28 10:11:13.238 [main] LoginTests - URL does not changed login not happened with invalid credentials
[INFO ] 2025-01-28 10:17:42.989 [main] LoginTests - Fetched the actual title: AECP
[INFO ] 2025-01-28 10:17:42.992 [main] LoginTests - actual title matches with expected title
[INFO ] 2025-01-28 10:17:51.870 [main] LoginTests - Login happened successfully
[INFO ] 2025-01-28 10:17:51.892 [main] LoginTests - current url captured in a variable
[INFO ] 2025-01-28 10:17:51.893 [main] LoginTests - current url matches with the expected url - 'https://aecp.aecearth.io/project-admin/project-management/dashboard'
[INFO ] 2025-01-28 10:18:02.180 [main] LoginTests - Entered invalid login credentials
[INFO ] 2025-01-28 10:18:02.196 [main] LoginTests - URL does not changed login not happened with invalid credentials
[INFO ] 2025-01-28 10:18:11.518 [main] LoginTests - Entered invalid login credentials
[INFO ] 2025-01-28 10:18:11.534 [main] LoginTests - URL does not changed login not happened with invalid credentials
[INFO ] 2025-01-28 10:18:20.670 [main] LoginTests - Entered invalid login credentials
[INFO ] 2025-01-28 10:18:20.682 [main] LoginTests - URL does not changed login not happened with invalid credentials
[INFO ] 2025-01-28 10:20:11.480 [main] LoginTests - Fetched the actual title: AECP
[INFO ] 2025-01-28 10:20:11.482 [main] LoginTests - actual title matches with expected title
[INFO ] 2025-01-28 10:20:20.573 [main] LoginTests - Login happened successfully
[INFO ] 2025-01-28 10:20:20.593 [main] LoginTests - current url captured in a variable
[INFO ] 2025-01-28 10:20:20.594 [main] LoginTests - current url matches with the expected url - 'https://aecp.aecearth.io/project-admin/project-management/dashboard'
[INFO ] 2025-01-28 10:20:32.314 [main] LoginTests - Entered invalid login credentials
[INFO ] 2025-01-28 10:20:32.345 [main] LoginTests - URL does not changed login not happened with invalid credentials
[INFO ] 2025-01-28 10:20:41.704 [main] LoginTests - Entered invalid login credentials
[INFO ] 2025-01-28 10:20:41.714 [main] LoginTests - URL does not changed login not happened with invalid credentials
[INFO ] 2025-01-28 10:20:51.198 [main] LoginTests - Entered invalid login credentials
[INFO ] 2025-01-28 10:20:51.209 [main] LoginTests - URL does not changed login not happened with invalid credentials
[INFO ] 2025-01-28 10:21:49.235 [main] LoginTests - Fetched the actual title: AECP
[INFO ] 2025-01-28 10:21:49.238 [main] LoginTests - actual title matches with expected title
[INFO ] 2025-01-28 10:21:58.092 [main] LoginTests - Login happened successfully
[INFO ] 2025-01-28 10:21:58.108 [main] LoginTests - current url captured in a variable
[INFO ] 2025-01-28 10:21:58.109 [main] LoginTests - current url matches with the expected url - 'https://aecp.aecearth.io/project-admin/project-management/dashboard'
[INFO ] 2025-01-28 10:22:08.430 [main] LoginTests - Entered invalid login credentials
[INFO ] 2025-01-28 10:22:08.454 [main] LoginTests - URL does not changed login not happened with invalid credentials
[INFO ] 2025-01-28 10:22:17.441 [main] LoginTests - Entered invalid login credentials
[INFO ] 2025-01-28 10:22:17.448 [main] LoginTests - URL does not changed login not happened with invalid credentials
[INFO ] 2025-01-28 10:22:26.731 [main] LoginTests - Entered invalid login credentials
[INFO ] 2025-01-28 10:22:26.745 [main] LoginTests - URL does not changed login not happened with invalid credentials
[INFO ] 2025-01-28 11:20:48.726 [main] LoginTests - Fetched the actual title: AECP
[INFO ] 2025-01-28 11:20:48.728 [main] LoginTests - actual title matches with expected title
[INFO ] 2025-01-28 11:20:57.413 [main] LoginTests - Login happened successfully
[INFO ] 2025-01-28 11:20:57.434 [main] LoginTests - current url captured in a variable
[INFO ] 2025-01-28 11:20:57.437 [main] LoginTests - current url matches with the expected url - 'https://aecp.aecearth.io/project-admin/project-management/dashboard'
[INFO ] 2025-01-28 11:21:07.178 [main] LoginTests - Entered invalid login credentials
[INFO ] 2025-01-28 11:21:07.189 [main] LoginTests - URL does not changed login not happened with invalid credentials
[INFO ] 2025-01-28 11:21:16.035 [main] LoginTests - Entered invalid login credentials
[INFO ] 2025-01-28 11:21:16.044 [main] LoginTests - URL does not changed login not happened with invalid credentials
[INFO ] 2025-01-28 11:21:29.896 [main] LoginTests - Entered invalid login credentials
[INFO ] 2025-01-28 11:21:29.910 [main] LoginTests - URL does not changed login not happened with invalid credentials
[INFO ] 2025-01-28 11:47:12.522 [main] LoginTests - Fetched the actual title: AECP
[INFO ] 2025-01-28 11:47:12.524 [main] LoginTests - actual title matches with expected title
[INFO ] 2025-01-28 11:47:28.581 [main] LoginTests - Login happened successfully
[INFO ] 2025-01-28 11:47:28.638 [main] LoginTests - current url captured in a variable
[INFO ] 2025-01-28 11:47:28.638 [main] LoginTests - current url matches with the expected url - 'https://aecp.aecearth.io/project-admin/project-management/dashboard'
[INFO ] 2025-01-28 11:47:39.612 [main] LoginTests - Entered invalid login credentials
[INFO ] 2025-01-28 11:47:39.619 [main] LoginTests - URL does not changed login not happened with invalid credentials
[INFO ] 2025-01-28 11:47:49.360 [main] LoginTests - Entered invalid login credentials
[INFO ] 2025-01-28 11:47:49.378 [main] LoginTests - URL does not changed login not happened with invalid credentials
[INFO ] 2025-01-28 11:47:59.166 [main] LoginTests - Entered invalid login credentials
[INFO ] 2025-01-28 11:47:59.177 [main] LoginTests - URL does not changed login not happened with invalid credentials
[INFO ] 2025-01-28 12:06:56.006 [main] LoginTests - Validating page load
[INFO ] 2025-01-28 12:06:56.027 [main] LoginTests - Page loaded successfully with all content
[INFO ] 2025-01-28 12:18:17.069 [main] LoginTests - Validating page load
[INFO ] 2025-01-28 12:18:17.090 [main] LoginTests - Page loaded successfully with all content
[INFO ] 2025-01-28 12:18:27.107 [main] LoginTests - Fetched the actual title: AECP
[INFO ] 2025-01-28 12:18:36.699 [main] LoginTests - Verify logo
[ERROR] 2025-01-28 12:18:36.701 [main] LoginTests - An error occured while validating the logo:
java.lang.NullPointerException: Cannot invoke "pages.DashboardPage.getLogo()" because "this.dashboard" is null
	at testcases.DashbaordTests.AECP_ProjectManager_Dashboard_TC004(DashbaordTests.java:71) ~[test-classes/:?]
	at java.base/jdk.internal.reflect.DirectMethodHandleAccessor.invoke(DirectMethodHandleAccessor.java:104) ~[?:?]
	at java.base/java.lang.reflect.Method.invoke(Method.java:577) ~[?:?]
	at org.testng.internal.invokers.MethodInvocationHelper.invokeMethod(MethodInvocationHelper.java:141) ~[testng-7.10.2.jar:7.10.2]
	at org.testng.internal.invokers.TestInvoker.invokeMethod(TestInvoker.java:686) ~[testng-7.10.2.jar:7.10.2]
	at org.testng.internal.invokers.TestInvoker.invokeTestMethod(TestInvoker.java:230) ~[testng-7.10.2.jar:7.10.2]
	at org.testng.internal.invokers.MethodRunner.runInSequence(MethodRunner.java:63) ~[testng-7.10.2.jar:7.10.2]
	at org.testng.internal.invokers.TestInvoker$MethodInvocationAgent.invoke(TestInvoker.java:992) ~[testng-7.10.2.jar:7.10.2]
	at org.testng.internal.invokers.TestInvoker.invokeTestMethods(TestInvoker.java:203) ~[testng-7.10.2.jar:7.10.2]
	at org.testng.internal.invokers.TestMethodWorker.invokeTestMethods(TestMethodWorker.java:154) ~[testng-7.10.2.jar:7.10.2]
	at org.testng.internal.invokers.TestMethodWorker.run(TestMethodWorker.java:134) ~[testng-7.10.2.jar:7.10.2]
	at java.base/java.util.ArrayList.forEach(ArrayList.java:1511) [?:?]
	at org.testng.TestRunner.privateRun(TestRunner.java:739) [testng-7.10.2.jar:7.10.2]
	at org.testng.TestRunner.run(TestRunner.java:614) [testng-7.10.2.jar:7.10.2]
	at org.testng.SuiteRunner.runTest(SuiteRunner.java:421) [testng-7.10.2.jar:7.10.2]
	at org.testng.SuiteRunner.runSequentially(SuiteRunner.java:413) [testng-7.10.2.jar:7.10.2]
	at org.testng.SuiteRunner.privateRun(SuiteRunner.java:373) [testng-7.10.2.jar:7.10.2]
	at org.testng.SuiteRunner.run(SuiteRunner.java:312) [testng-7.10.2.jar:7.10.2]
	at org.testng.SuiteRunnerWorker.runSuite(SuiteRunnerWorker.java:52) [testng-7.10.2.jar:7.10.2]
	at org.testng.SuiteRunnerWorker.run(SuiteRunnerWorker.java:95) [testng-7.10.2.jar:7.10.2]
	at org.testng.TestNG.runSuitesSequentially(TestNG.java:1274) [testng-7.10.2.jar:7.10.2]
	at org.testng.TestNG.runSuitesLocally(TestNG.java:1208) [testng-7.10.2.jar:7.10.2]
	at org.testng.TestNG.runSuites(TestNG.java:1112) [testng-7.10.2.jar:7.10.2]
	at org.testng.TestNG.run(TestNG.java:1079) [testng-7.10.2.jar:7.10.2]
	at org.testng.remote.AbstractRemoteTestNG.run(AbstractRemoteTestNG.java:115) [testng-remote.jar:?]
	at org.testng.remote.RemoteTestNG.initAndRun(RemoteTestNG.java:293) [testng-remote.jar:?]
	at org.testng.remote.RemoteTestNG.main(RemoteTestNG.java:91) [testng-remote.jar:?]
[INFO ] 2025-01-28 12:20:37.867 [main] LoginTests - Validating page load
[INFO ] 2025-01-28 12:20:37.881 [main] LoginTests - Page loaded successfully with all content
[INFO ] 2025-01-28 12:20:48.167 [main] LoginTests - Fetched the actual title: AECP
[INFO ] 2025-01-28 12:20:57.039 [main] LoginTests - Verify logo
[INFO ] 2025-01-28 12:20:57.074 [main] LoginTests - Logo is displayed in the page
[INFO ] 2025-01-28 12:55:11.531 [main] LoginTests - Validating page load
[INFO ] 2025-01-28 12:55:11.587 [main] LoginTests - Page loaded successfully with all content
[INFO ] 2025-01-28 12:55:21.295 [main] LoginTests - Fetched the actual title: AECP
[INFO ] 2025-01-28 12:55:31.135 [main] LoginTests - Verify logo
[INFO ] 2025-01-28 12:55:31.160 [main] LoginTests - Logo is displayed in the page
[INFO ] 2025-01-28 13:07:21.480 [main] LoginTests - Verify navigation links are working fine
[INFO ] 2025-01-28 13:07:38.026 [main] LoginTests - Verify navigation links are working fine
[INFO ] 2025-01-28 13:07:47.941 [main] LoginTests - Verify navigation links are working fine
[INFO ] 2025-01-28 13:07:57.944 [main] LoginTests - Verify navigation links are working fine
[INFO ] 2025-01-28 13:08:07.608 [main] LoginTests - Verify navigation links are working fine
[INFO ] 2025-01-28 13:08:17.976 [main] LoginTests - Verify navigation links are working fine
[INFO ] 2025-01-28 13:08:27.801 [main] LoginTests - Verify navigation links are working fine
[INFO ] 2025-01-28 13:08:42.159 [main] LoginTests - Verify navigation links are working fine
[INFO ] 2025-01-28 13:08:52.102 [main] LoginTests - Verify navigation links are working fine
[INFO ] 2025-01-28 13:12:11.410 [main] LoginTests - Verify navigation links are working fine
[INFO ] 2025-01-28 13:12:26.555 [main] LoginTests - Verify navigation links are working fine
[INFO ] 2025-01-28 13:12:48.094 [main] LoginTests - Verify navigation links are working fine
[INFO ] 2025-01-28 13:13:09.096 [main] LoginTests - Verify navigation links are working fine
[INFO ] 2025-01-28 13:13:23.902 [main] LoginTests - Verify navigation links are working fine
[INFO ] 2025-01-28 13:13:38.579 [main] LoginTests - Verify navigation links are working fine
[INFO ] 2025-01-28 13:13:53.368 [main] LoginTests - Verify navigation links are working fine
[INFO ] 2025-01-28 13:14:08.056 [main] LoginTests - Verify navigation links are working fine
[INFO ] 2025-01-28 13:14:22.926 [main] LoginTests - Verify navigation links are working fine
[INFO ] 2025-01-28 13:19:27.113 [main] LoginTests - Verify navigation links are working fine
[INFO ] 2025-01-28 13:19:37.054 [main] LoginTests - Verify navigation links are working fine
[INFO ] 2025-01-28 13:19:46.725 [main] LoginTests - Verify navigation links are working fine
[INFO ] 2025-01-28 13:19:56.479 [main] LoginTests - Verify navigation links are working fine
[INFO ] 2025-01-28 13:20:05.997 [main] LoginTests - Verify navigation links are working fine
[INFO ] 2025-01-28 13:20:15.565 [main] LoginTests - Verify navigation links are working fine
[INFO ] 2025-01-28 13:20:25.338 [main] LoginTests - Verify navigation links are working fine
[INFO ] 2025-01-28 13:20:34.884 [main] LoginTests - Verify navigation links are working fine
[INFO ] 2025-01-28 13:20:45.304 [main] LoginTests - Verify navigation links are working fine
[INFO ] 2025-01-29 12:51:40.520 [main] LoginTests - Verify the next month button
[INFO ] 2025-01-29 12:52:04.007 [main] LoginTests - Verify the next month button
[INFO ] 2025-01-29 12:56:54.253 [main] LoginTests - Verify the next month button
[INFO ] 2025-01-29 12:58:11.631 [main] LoginTests - Verify the next month button
[INFO ] 2025-01-29 12:59:18.467 [main] LoginTests - Verify the next month button
[INFO ] 2025-01-29 14:40:34.285 [main] LoginTests - Verify the next month button
[INFO ] 2025-01-29 14:40:34.362 [main] LoginTests - Clicked on next month button
[INFO ] 2025-01-29 14:40:53.564 [main] LoginTests - Verify the previous month button
[INFO ] 2025-01-29 14:40:53.666 [main] LoginTests - Clicked on previous month button
[INFO ] 2025-01-29 14:42:21.601 [main] LoginTests - Verify the next month button
[INFO ] 2025-01-29 14:42:21.694 [main] LoginTests - Clicked on next month button
[INFO ] 2025-01-29 14:42:33.644 [main] LoginTests - Verify the previous month button
[INFO ] 2025-01-29 14:42:33.760 [main] LoginTests - Clicked on previous month button
[INFO ] 2025-01-29 14:45:46.354 [main] LoginTests - Verify the next month button
[INFO ] 2025-01-29 14:45:46.460 [main] LoginTests - Clicked on next month button
[INFO ] 2025-01-29 14:45:58.740 [main] LoginTests - Verify the previous month button
[INFO ] 2025-01-29 14:45:58.871 [main] LoginTests - Clicked on previous month button
[INFO ] 2025-01-29 14:54:34.121 [main] LoginTests - Verify the next month button
[INFO ] 2025-01-29 14:54:34.248 [main] LoginTests - Clicked on next month button
[INFO ] 2025-01-29 14:54:48.564 [main] LoginTests - Verify the previous month button
[INFO ] 2025-01-29 14:54:48.681 [main] LoginTests - Clicked on previous month button
[INFO ] 2025-01-29 14:55:02.364 [main] LoginTests - Verify the next year button
[INFO ] 2025-01-29 14:55:02.481 [main] LoginTests - Clicked on next year button
[INFO ] 2025-01-29 14:55:25.050 [main] LoginTests - Verify the previous year button
[INFO ] 2025-01-29 14:55:25.146 [main] LoginTests - Clicked on previous year button
[INFO ] 2025-01-29 15:08:05.136 [main] LoginTests - Verify selecting a date from the calendar
[INFO ] 2025-01-29 15:09:44.019 [main] LoginTests - Verify selecting a date from the calendar
[INFO ] 2025-01-29 15:12:03.614 [main] LoginTests - Verify selecting a date from the calendar
[ERROR] 2025-01-29 15:12:14.893 [main] LoginTests - An error occured while selecting a date from the calendar
[INFO ] 2025-01-29 15:20:58.643 [main] LoginTests - Verify selecting a date from the calendar
[INFO ] 2025-01-29 15:20:58.679 [main] LoginTests - date is selected
[INFO ] 2025-01-29 15:21:23.356 [main] LoginTests - Verify selecting a date from the calendar
[INFO ] 2025-01-29 15:21:23.414 [main] LoginTests - date is selected
[INFO ] 2025-01-29 15:22:24.569 [main] LoginTests - Verify selecting a date from the calendar
[INFO ] 2025-01-29 15:22:24.613 [main] LoginTests - date is selected
[INFO ] 2025-01-29 15:22:53.692 [main] LoginTests - Verify selecting a date from the calendar
[INFO ] 2025-01-29 15:22:53.849 [main] LoginTests - date is selected
[INFO ] 2025-01-29 15:24:04.660 [main] LoginTests - Verify selecting a date from the calendar
[INFO ] 2025-01-29 15:24:04.720 [main] LoginTests - date is selected
[INFO ] 2025-01-29 15:24:30.970 [main] LoginTests - Verify selecting a date from the calendar
[INFO ] 2025-01-29 15:24:31.023 [main] LoginTests - date is selected
[INFO ] 2025-01-29 15:27:03.493 [main] LoginTests - Verify selecting a date from the calendar
[INFO ] 2025-01-29 15:27:03.557 [main] LoginTests - date is selected
[INFO ] 2025-01-29 15:28:39.756 [main] LoginTests - Verify selecting a date from the calendar
[INFO ] 2025-01-29 15:28:39.817 [main] LoginTests - date is selected
[INFO ] 2025-01-29 15:36:36.487 [main] LoginTests - Verify selecting a date from the calendar
[INFO ] 2025-01-29 15:36:36.792 [main] LoginTests - date is selected
[INFO ] 2025-01-29 15:37:44.096 [main] LoginTests - Verify selecting a date from the calendar
[INFO ] 2025-01-29 15:41:50.597 [main] LoginTests - Verify selecting a date from the calendar
[ERROR] 2025-01-29 15:42:18.946 [main] LoginTests - An error occured while selecting a date from the calendar
[INFO ] 2025-01-29 15:43:59.386 [main] LoginTests - Verify selecting a date from the calendar
[INFO ] 2025-01-29 15:43:59.670 [main] LoginTests - date is selected
[INFO ] 2025-01-29 15:54:11.485 [main] LoginTests - Verify logout functionality
[INFO ] 2025-01-29 15:54:11.510 [main] LoginTests - logout method initialized
[INFO ] 2025-01-29 15:54:11.819 [main] LoginTests - logged out successfully
[INFO ] 2025-01-29 16:02:03.841 [main] LoginTests - Validating page load
[INFO ] 2025-01-29 16:02:03.872 [main] LoginTests - Page loaded successfully with all content
[INFO ] 2025-01-29 16:03:09.509 [main] LoginTests - Fetched the actual title: AECP
[INFO ] 2025-01-29 16:03:09.517 [main] LoginTests - actual title matches with expected title
[INFO ] 2025-01-29 16:03:21.209 [main] LoginTests - Login happened successfully
[INFO ] 2025-01-29 16:03:21.225 [main] LoginTests - current url captured in a variable
[INFO ] 2025-01-29 16:03:21.225 [main] LoginTests - current url matches with the expected url - 'https://aecp.aecearth.io/project-admin/project-management/dashboard'
[INFO ] 2025-01-29 16:03:38.204 [main] LoginTests - Entered invalid login credentials
[INFO ] 2025-01-29 16:03:38.320 [main] LoginTests - URL does not changed login not happened with invalid credentials
[INFO ] 2025-01-29 16:03:59.538 [main] LoginTests - Entered invalid login credentials
[INFO ] 2025-01-29 16:03:59.568 [main] LoginTests - URL does not changed login not happened with invalid credentials
[INFO ] 2025-01-29 16:04:18.953 [main] LoginTests - Entered invalid login credentials
[INFO ] 2025-01-29 16:04:18.974 [main] LoginTests - URL does not changed login not happened with invalid credentials
[INFO ] 2025-01-29 16:04:39.403 [main] LoginTests - Validating page load
[INFO ] 2025-01-29 16:04:39.425 [main] LoginTests - Page loaded successfully with all content
[INFO ] 2025-01-29 16:04:51.995 [main] LoginTests - Fetched the actual title: AECP
[INFO ] 2025-01-29 16:04:51.995 [main] LoginTests - actual title matches with expected title
[INFO ] 2025-01-29 16:05:03.257 [main] LoginTests - Verify logo
[INFO ] 2025-01-29 16:05:03.298 [main] LoginTests - Logo is displayed in the page
[INFO ] 2025-01-29 16:05:14.775 [main] LoginTests - Verify navigation links are working fine
[INFO ] 2025-01-29 16:05:26.316 [main] LoginTests - Verify navigation links are working fine
[INFO ] 2025-01-29 16:05:38.233 [main] LoginTests - Verify navigation links are working fine
[INFO ] 2025-01-29 16:05:51.376 [main] LoginTests - Verify navigation links are working fine
[INFO ] 2025-01-29 16:06:09.715 [main] LoginTests - Verify navigation links are working fine
[INFO ] 2025-01-29 16:06:21.586 [main] LoginTests - Verify navigation links are working fine
[INFO ] 2025-01-29 16:06:33.707 [main] LoginTests - Verify navigation links are working fine
[INFO ] 2025-01-29 16:06:45.423 [main] LoginTests - Verify navigation links are working fine
[INFO ] 2025-01-29 16:06:58.374 [main] LoginTests - Verify navigation links are working fine
[INFO ] 2025-01-29 16:07:16.839 [main] LoginTests - Verify the next month button
[INFO ] 2025-01-29 16:07:17.038 [main] LoginTests - Clicked on next month button
[INFO ] 2025-01-30 20:08:49.755 [main] LoginTests - Verify the next month button
[INFO ] 2025-01-30 20:08:49.962 [main] LoginTests - Clicked on next month button
[INFO ] 2025-01-30 20:12:36.443 [main] LoginTests - Verify the next month button
[INFO ] 2025-01-30 20:12:36.628 [main] LoginTests - Clicked on next month button
[INFO ] 2025-01-30 20:12:48.263 [main] LoginTests - Verify the previous month button
[INFO ] 2025-01-30 20:12:48.480 [main] LoginTests - Clicked on previous month button
[INFO ] 2025-01-30 20:13:07.845 [main] LoginTests - Verify the next year button
[INFO ] 2025-01-30 20:13:08.061 [main] LoginTests - Clicked on next year button
[INFO ] 2025-01-30 20:13:18.972 [main] LoginTests - Verify the previous year button
[INFO ] 2025-01-30 20:13:19.179 [main] LoginTests - Clicked on previous year button
[INFO ] 2025-01-31 16:50:43.467 [main] LoginTests - Page loaded successfully
[INFO ] 2025-01-31 18:30:17.124 [main] LoginTests - Page loaded successfully
[INFO ] 2025-01-31 18:30:27.599 [main] LoginTests - Verifying page title
[INFO ] 2025-01-31 18:30:27.617 [main] LoginTests - Page title is displayed
[INFO ] 2025-01-31 18:34:59.937 [main] LoginTests - Verifying page header
[INFO ] 2025-01-31 18:37:22.729 [main] LoginTests - Verifying page header
[INFO ] 2025-01-31 18:39:44.224 [main] LoginTests - Verifying page header
[INFO ] 2025-01-31 18:49:28.207 [main] LoginTests - Verifying page header
[INFO ] 2025-01-31 18:49:28.372 [main] LoginTests - Verifying with expected page header
[INFO ] 2025-01-31 18:53:57.158 [main] LoginTests - Verifying page header
[INFO ] 2025-01-31 18:53:57.374 [main] LoginTests - Verifying with expected page header
[INFO ] 2025-01-31 19:00:57.346 [main] LoginTests - Verify logo
[INFO ] 2025-01-31 19:00:57.613 [main] LoginTests - Logo is displayed in the page
[INFO ] 2025-01-31 19:01:36.676 [main] LoginTests - Verify logo
[INFO ] 2025-01-31 19:01:36.907 [main] LoginTests - Logo is displayed in the page
[INFO ] 2025-02-01 11:34:12.403 [main] LoginTests - Verify logo
[INFO ] 2025-02-01 11:34:16.952 [main] LoginTests - Verify logo
[INFO ] 2025-02-01 11:34:25.019 [main] LoginTests - Verify Footer Links are Working Correctly
[INFO ] 2025-02-01 11:34:30.434 [main] LoginTests - Verify Footer Links are Working Correctly
[INFO ] 2025-02-01 11:34:58.823 [main] LoginTests - Verify logo
[INFO ] 2025-02-01 11:35:10.068 [main] LoginTests - Verify Footer Links are Working Correctly
[INFO ] 2025-02-01 11:36:39.397 [main] LoginTests - Verify Footer Links are Working Correctly
[INFO ] 2025-02-01 11:39:19.271 [main] LoginTests - Verify Footer Links are Working Correctly
[INFO ] 2025-02-01 11:45:01.504 [main] LoginTests - Verify Footer Links are Working Correctly
[INFO ] 2025-02-01 11:48:24.856 [main] LoginTests - Verify Footer Links are Working Correctly
[INFO ] 2025-02-01 11:57:35.146 [main] LoginTests - Verify Footer is sticky
[INFO ] 2025-02-01 12:14:12.040 [main] LoginTests - Verify Footer is sticky
[INFO ] 2025-02-01 12:17:57.326 [main] LoginTests - Verify Footer is sticky
[ERROR] 2025-02-01 12:17:57.582 [main] LoginTests - An error occured while verifying footer stickyness
java.lang.NullPointerException: Cannot invoke "com.aventstack.extentreports.ExtentTest.pass(String)" because "testcases.ProjectTests.test" is null
	at testcases.ProjectTests.AECP_ProjectManager_Project_TC006(ProjectTests.java:98) ~[test-classes/:?]
	at java.base/jdk.internal.reflect.DirectMethodHandleAccessor.invoke(DirectMethodHandleAccessor.java:104) ~[?:?]
	at java.base/java.lang.reflect.Method.invoke(Method.java:577) ~[?:?]
	at org.testng.internal.invokers.MethodInvocationHelper.invokeMethod(MethodInvocationHelper.java:141) ~[testng-7.10.2.jar:7.10.2]
	at org.testng.internal.invokers.TestInvoker.invokeMethod(TestInvoker.java:686) ~[testng-7.10.2.jar:7.10.2]
	at org.testng.internal.invokers.TestInvoker.invokeTestMethod(TestInvoker.java:230) ~[testng-7.10.2.jar:7.10.2]
	at org.testng.internal.invokers.MethodRunner.runInSequence(MethodRunner.java:63) ~[testng-7.10.2.jar:7.10.2]
	at org.testng.internal.invokers.TestInvoker$MethodInvocationAgent.invoke(TestInvoker.java:992) ~[testng-7.10.2.jar:7.10.2]
	at org.testng.internal.invokers.TestInvoker.invokeTestMethods(TestInvoker.java:203) ~[testng-7.10.2.jar:7.10.2]
	at org.testng.internal.invokers.TestMethodWorker.invokeTestMethods(TestMethodWorker.java:154) ~[testng-7.10.2.jar:7.10.2]
	at org.testng.internal.invokers.TestMethodWorker.run(TestMethodWorker.java:134) ~[testng-7.10.2.jar:7.10.2]
	at java.base/java.util.ArrayList.forEach(ArrayList.java:1511) [?:?]
	at org.testng.TestRunner.privateRun(TestRunner.java:739) [testng-7.10.2.jar:7.10.2]
	at org.testng.TestRunner.run(TestRunner.java:614) [testng-7.10.2.jar:7.10.2]
	at org.testng.SuiteRunner.runTest(SuiteRunner.java:421) [testng-7.10.2.jar:7.10.2]
	at org.testng.SuiteRunner.runSequentially(SuiteRunner.java:413) [testng-7.10.2.jar:7.10.2]
	at org.testng.SuiteRunner.privateRun(SuiteRunner.java:373) [testng-7.10.2.jar:7.10.2]
	at org.testng.SuiteRunner.run(SuiteRunner.java:312) [testng-7.10.2.jar:7.10.2]
	at org.testng.SuiteRunnerWorker.runSuite(SuiteRunnerWorker.java:52) [testng-7.10.2.jar:7.10.2]
	at org.testng.SuiteRunnerWorker.run(SuiteRunnerWorker.java:95) [testng-7.10.2.jar:7.10.2]
	at org.testng.TestNG.runSuitesSequentially(TestNG.java:1274) [testng-7.10.2.jar:7.10.2]
	at org.testng.TestNG.runSuitesLocally(TestNG.java:1208) [testng-7.10.2.jar:7.10.2]
	at org.testng.TestNG.runSuites(TestNG.java:1112) [testng-7.10.2.jar:7.10.2]
	at org.testng.TestNG.run(TestNG.java:1079) [testng-7.10.2.jar:7.10.2]
	at org.testng.remote.AbstractRemoteTestNG.run(AbstractRemoteTestNG.java:115) [testng-remote.jar:?]
	at org.testng.remote.RemoteTestNG.initAndRun(RemoteTestNG.java:293) [testng-remote.jar:?]
	at org.testng.remote.RemoteTestNG.main(RemoteTestNG.java:91) [testng-remote.jar:?]
[INFO ] 2025-02-01 12:18:54.395 [main] LoginTests - Verify Footer is sticky
[INFO ] 2025-02-01 12:40:44.714 [main] LoginTests - Hovering over message icon
[INFO ] 2025-02-01 12:50:31.767 [main] LoginTests - Validating page load
[INFO ] 2025-02-01 12:50:31.811 [main] LoginTests - Page loaded successfully with all content
[INFO ] 2025-02-01 12:50:44.062 [main] LoginTests - Fetched the actual title: AECP
[INFO ] 2025-02-01 12:50:44.062 [main] LoginTests - actual title matches with expected title
[INFO ] 2025-02-01 12:50:56.597 [main] LoginTests - Verify logo
[INFO ] 2025-02-01 12:50:56.624 [main] LoginTests - Logo is displayed in the page
[INFO ] 2025-02-01 12:51:09.958 [main] LoginTests - Verify navigation links are working fine
[INFO ] 2025-02-01 12:51:20.581 [main] LoginTests - Verify navigation links are working fine
[INFO ] 2025-02-01 12:51:31.395 [main] LoginTests - Verify navigation links are working fine
[INFO ] 2025-02-01 12:51:42.530 [main] LoginTests - Verify navigation links are working fine
[INFO ] 2025-02-01 12:51:53.365 [main] LoginTests - Verify navigation links are working fine
[INFO ] 2025-02-01 12:52:04.048 [main] LoginTests - Verify navigation links are working fine
[INFO ] 2025-02-01 12:52:14.596 [main] LoginTests - Verify navigation links are working fine
[INFO ] 2025-02-01 12:52:25.613 [main] LoginTests - Verify navigation links are working fine
[INFO ] 2025-02-01 12:52:39.996 [main] LoginTests - Verify navigation links are working fine
[INFO ] 2025-02-01 12:52:51.797 [main] LoginTests - Verify the next month button
[INFO ] 2025-02-01 12:52:51.927 [main] LoginTests - Clicked on next month button
[INFO ] 2025-02-01 12:53:02.547 [main] LoginTests - Verify the previous month button
[INFO ] 2025-02-01 12:53:02.662 [main] LoginTests - Clicked on previous month button
[INFO ] 2025-02-01 12:53:14.946 [main] LoginTests - Verify the next year button
[INFO ] 2025-02-01 12:53:15.045 [main] LoginTests - Clicked on next year button
[INFO ] 2025-02-01 12:53:26.289 [main] LoginTests - Verify the previous year button
[INFO ] 2025-02-01 12:53:26.414 [main] LoginTests - Clicked on previous year button
[INFO ] 2025-02-01 12:53:37.178 [main] LoginTests - Verify selecting a date from the calendar
[INFO ] 2025-02-01 12:53:37.364 [main] LoginTests - date is selected
[INFO ] 2025-02-01 12:53:48.562 [main] LoginTests - Verify logout functionality
[INFO ] 2025-02-01 12:53:48.562 [main] LoginTests - logout method initialized
[INFO ] 2025-02-01 12:53:48.729 [main] LoginTests - logged out successfully
[INFO ] 2025-02-01 12:54:01.329 [main] LoginTests - Verify footer sticky
[INFO ] 2025-02-01 13:04:00.174 [main] LoginTests - Verifying page title
[INFO ] 2025-02-01 13:04:11.272 [main] LoginTests - Verify logo
[INFO ] 2025-02-01 13:04:23.183 [main] LoginTests - Verify Footer Links are Working Correctly
[ERROR] 2025-02-01 13:04:24.528 [main] LoginTests - An error occured while checking the footer function
org.openqa.selenium.NoSuchWindowException: no such window: target window already closed
from unknown error: web view not found
  (Session info: MicrosoftEdge=132.0.2957.127)
Build info: version: '4.27.0', revision: 'd6e718d134'
System info: os.name: 'Windows 11', os.arch: 'amd64', os.version: '10.0', java.version: '18.0.2'
Driver info: org.openqa.selenium.edge.EdgeDriver
Command: [bfc36075bf0f576703d744d6af95eafe, findElement {value=//a[normalize-space()='About Us'], using=xpath}]
Capabilities {acceptInsecureCerts: false, browserName: MicrosoftEdge, browserVersion: 132.0.2957.127, fedcm:accounts: true, ms:edgeOptions: {debuggerAddress: localhost:56340}, msedge: {msedgedriverVersion: 132.0.2957.140 (a81e27b375d..., userDataDir: C:\Users\Vaibhavi\AppData\L...}, networkConnectionEnabled: false, pageLoadStrategy: normal, platformName: windows, proxy: Proxy(), se:cdp: ws://localhost:56340/devtoo..., se:cdpVersion: 132.0.2957.127, setWindowRect: true, strictFileInteractability: false, timeouts: {implicit: 0, pageLoad: 300000, script: 30000}, unhandledPromptBehavior: dismiss and notify, webauthn:extension:credBlob: true, webauthn:extension:largeBlob: true, webauthn:extension:minPinLength: true, webauthn:extension:prf: true, webauthn:virtualAuthenticators: true}
Session ID: bfc36075bf0f576703d744d6af95eafe
	at java.base/jdk.internal.reflect.DirectConstructorHandleAccessor.newInstance(DirectConstructorHandleAccessor.java:67) ~[?:?]
	at java.base/java.lang.reflect.Constructor.newInstanceWithCaller(Constructor.java:499) ~[?:?]
	at java.base/java.lang.reflect.Constructor.newInstance(Constructor.java:483) ~[?:?]
	at org.openqa.selenium.remote.ErrorCodec.decode(ErrorCodec.java:167) ~[selenium-remote-driver-4.27.0.jar:?]
	at org.openqa.selenium.remote.codec.w3c.W3CHttpResponseCodec.decode(W3CHttpResponseCodec.java:138) ~[selenium-remote-driver-4.27.0.jar:?]
	at org.openqa.selenium.remote.codec.w3c.W3CHttpResponseCodec.decode(W3CHttpResponseCodec.java:50) ~[selenium-remote-driver-4.27.0.jar:?]
	at org.openqa.selenium.remote.HttpCommandExecutor.execute(HttpCommandExecutor.java:190) ~[selenium-remote-driver-4.27.0.jar:?]
	at org.openqa.selenium.remote.service.DriverCommandExecutor.invokeExecute(DriverCommandExecutor.java:216) ~[selenium-remote-driver-4.27.0.jar:?]
	at org.openqa.selenium.remote.service.DriverCommandExecutor.execute(DriverCommandExecutor.java:174) ~[selenium-remote-driver-4.27.0.jar:?]
	at org.openqa.selenium.remote.RemoteWebDriver.execute(RemoteWebDriver.java:545) ~[selenium-remote-driver-4.27.0.jar:?]
	at org.openqa.selenium.remote.ElementLocation$ElementFinder$2.findElement(ElementLocation.java:165) ~[selenium-remote-driver-4.27.0.jar:?]
	at org.openqa.selenium.remote.ElementLocation.findElement(ElementLocation.java:59) ~[selenium-remote-driver-4.27.0.jar:?]
	at org.openqa.selenium.remote.RemoteWebDriver.findElement(RemoteWebDriver.java:368) ~[selenium-remote-driver-4.27.0.jar:?]
	at org.openqa.selenium.remote.RemoteWebDriver.findElement(RemoteWebDriver.java:362) ~[selenium-remote-driver-4.27.0.jar:?]
	at org.openqa.selenium.support.pagefactory.DefaultElementLocator.findElement(DefaultElementLocator.java:68) ~[selenium-support-4.27.0.jar:?]
	at org.openqa.selenium.support.pagefactory.internal.LocatingElementHandler.invoke(LocatingElementHandler.java:38) ~[selenium-support-4.27.0.jar:?]
	at jdk.proxy2/jdk.proxy2.$Proxy31.click(Unknown Source) ~[?:?]
	at pages.ProjectPage.clickFooterLink(ProjectPage.java:76) ~[test-classes/:?]
	at testcases.ProjectTests.AECP_ProjectManager_Project_TC005(ProjectTests.java:80) ~[test-classes/:?]
	at java.base/jdk.internal.reflect.DirectMethodHandleAccessor.invoke(DirectMethodHandleAccessor.java:104) ~[?:?]
	at java.base/java.lang.reflect.Method.invoke(Method.java:577) ~[?:?]
	at org.testng.internal.invokers.MethodInvocationHelper.invokeMethod(MethodInvocationHelper.java:141) ~[testng-7.10.2.jar:7.10.2]
	at org.testng.internal.invokers.TestInvoker.invokeMethod(TestInvoker.java:686) ~[testng-7.10.2.jar:7.10.2]
	at org.testng.internal.invokers.TestInvoker.invokeTestMethod(TestInvoker.java:230) ~[testng-7.10.2.jar:7.10.2]
	at org.testng.internal.invokers.MethodRunner.runInSequence(MethodRunner.java:63) ~[testng-7.10.2.jar:7.10.2]
	at org.testng.internal.invokers.TestInvoker$MethodInvocationAgent.invoke(TestInvoker.java:992) ~[testng-7.10.2.jar:7.10.2]
	at org.testng.internal.invokers.TestInvoker.invokeTestMethods(TestInvoker.java:203) ~[testng-7.10.2.jar:7.10.2]
	at org.testng.internal.invokers.TestMethodWorker.invokeTestMethods(TestMethodWorker.java:154) ~[testng-7.10.2.jar:7.10.2]
	at org.testng.internal.invokers.TestMethodWorker.run(TestMethodWorker.java:134) ~[testng-7.10.2.jar:7.10.2]
	at java.base/java.util.ArrayList.forEach(ArrayList.java:1511) [?:?]
	at org.testng.TestRunner.privateRun(TestRunner.java:739) [testng-7.10.2.jar:7.10.2]
	at org.testng.TestRunner.run(TestRunner.java:614) [testng-7.10.2.jar:7.10.2]
	at org.testng.SuiteRunner.runTest(SuiteRunner.java:421) [testng-7.10.2.jar:7.10.2]
	at org.testng.SuiteRunner.runSequentially(SuiteRunner.java:413) [testng-7.10.2.jar:7.10.2]
	at org.testng.SuiteRunner.privateRun(SuiteRunner.java:373) [testng-7.10.2.jar:7.10.2]
	at org.testng.SuiteRunner.run(SuiteRunner.java:312) [testng-7.10.2.jar:7.10.2]
	at org.testng.SuiteRunnerWorker.runSuite(SuiteRunnerWorker.java:52) [testng-7.10.2.jar:7.10.2]
	at org.testng.SuiteRunnerWorker.run(SuiteRunnerWorker.java:95) [testng-7.10.2.jar:7.10.2]
	at org.testng.TestNG.runSuitesSequentially(TestNG.java:1274) [testng-7.10.2.jar:7.10.2]
	at org.testng.TestNG.runSuitesLocally(TestNG.java:1208) [testng-7.10.2.jar:7.10.2]
	at org.testng.TestNG.runSuites(TestNG.java:1112) [testng-7.10.2.jar:7.10.2]
	at org.testng.TestNG.run(TestNG.java:1079) [testng-7.10.2.jar:7.10.2]
	at org.testng.remote.AbstractRemoteTestNG.run(AbstractRemoteTestNG.java:115) [testng-remote.jar:?]
	at org.testng.remote.RemoteTestNG.initAndRun(RemoteTestNG.java:293) [testng-remote.jar:?]
	at org.testng.remote.RemoteTestNG.main(RemoteTestNG.java:91) [testng-remote.jar:?]
[INFO ] 2025-02-01 13:04:35.579 [main] LoginTests - Verify Footer is sticky
[INFO ] 2025-02-01 13:04:47.024 [main] LoginTests - Hovering over message icon
[INFO ] 2025-02-01 13:07:13.316 [main] LoginTests - Verify Footer Links are Working Correctly
[ERROR] 2025-02-01 13:08:14.666 [main] LoginTests - An error occured while checking the footer function
org.openqa.selenium.NoSuchElementException: no such element: Unable to locate element: {"method":"xpath","selector":"//a[normalize-space()='About Us']"}
  (Session info: MicrosoftEdge=132.0.2957.127)
For documentation on this error, please visit: https://www.selenium.dev/documentation/webdriver/troubleshooting/errors#no-such-element-exception
Build info: version: '4.27.0', revision: 'd6e718d134'
System info: os.name: 'Windows 11', os.arch: 'amd64', os.version: '10.0', java.version: '18.0.2'
Driver info: org.openqa.selenium.edge.EdgeDriver
Command: [52427c71113530f02d08077356e2cda9, findElement {using=xpath, value=//a[normalize-space()='About Us']}]
Capabilities {acceptInsecureCerts: false, browserName: MicrosoftEdge, browserVersion: 132.0.2957.127, fedcm:accounts: true, ms:edgeOptions: {debuggerAddress: localhost:56639}, msedge: {msedgedriverVersion: 132.0.2957.140 (a81e27b375d..., userDataDir: C:\Users\Vaibhavi\AppData\L...}, networkConnectionEnabled: false, pageLoadStrategy: normal, platformName: windows, proxy: Proxy(), se:cdp: ws://localhost:56639/devtoo..., se:cdpVersion: 132.0.2957.127, setWindowRect: true, strictFileInteractability: false, timeouts: {implicit: 0, pageLoad: 300000, script: 30000}, unhandledPromptBehavior: dismiss and notify, webauthn:extension:credBlob: true, webauthn:extension:largeBlob: true, webauthn:extension:minPinLength: true, webauthn:extension:prf: true, webauthn:virtualAuthenticators: true}
Session ID: 52427c71113530f02d08077356e2cda9
	at java.base/jdk.internal.reflect.DirectConstructorHandleAccessor.newInstance(DirectConstructorHandleAccessor.java:67) ~[?:?]
	at java.base/java.lang.reflect.Constructor.newInstanceWithCaller(Constructor.java:499) ~[?:?]
	at java.base/java.lang.reflect.Constructor.newInstance(Constructor.java:483) ~[?:?]
	at org.openqa.selenium.remote.ErrorCodec.decode(ErrorCodec.java:167) ~[selenium-remote-driver-4.27.0.jar:?]
	at org.openqa.selenium.remote.codec.w3c.W3CHttpResponseCodec.decode(W3CHttpResponseCodec.java:138) ~[selenium-remote-driver-4.27.0.jar:?]
	at org.openqa.selenium.remote.codec.w3c.W3CHttpResponseCodec.decode(W3CHttpResponseCodec.java:50) ~[selenium-remote-driver-4.27.0.jar:?]
	at org.openqa.selenium.remote.HttpCommandExecutor.execute(HttpCommandExecutor.java:190) ~[selenium-remote-driver-4.27.0.jar:?]
	at org.openqa.selenium.remote.service.DriverCommandExecutor.invokeExecute(DriverCommandExecutor.java:216) ~[selenium-remote-driver-4.27.0.jar:?]
	at org.openqa.selenium.remote.service.DriverCommandExecutor.execute(DriverCommandExecutor.java:174) ~[selenium-remote-driver-4.27.0.jar:?]
	at org.openqa.selenium.remote.RemoteWebDriver.execute(RemoteWebDriver.java:545) ~[selenium-remote-driver-4.27.0.jar:?]
	at org.openqa.selenium.remote.ElementLocation$ElementFinder$2.findElement(ElementLocation.java:165) ~[selenium-remote-driver-4.27.0.jar:?]
	at org.openqa.selenium.remote.ElementLocation.findElement(ElementLocation.java:59) ~[selenium-remote-driver-4.27.0.jar:?]
	at org.openqa.selenium.remote.RemoteWebDriver.findElement(RemoteWebDriver.java:368) ~[selenium-remote-driver-4.27.0.jar:?]
	at org.openqa.selenium.remote.RemoteWebDriver.findElement(RemoteWebDriver.java:362) ~[selenium-remote-driver-4.27.0.jar:?]
	at org.openqa.selenium.support.pagefactory.DefaultElementLocator.findElement(DefaultElementLocator.java:68) ~[selenium-support-4.27.0.jar:?]
	at org.openqa.selenium.support.pagefactory.internal.LocatingElementHandler.invoke(LocatingElementHandler.java:38) ~[selenium-support-4.27.0.jar:?]
	at jdk.proxy2/jdk.proxy2.$Proxy31.click(Unknown Source) ~[?:?]
	at pages.ProjectPage.clickFooterLink(ProjectPage.java:76) ~[test-classes/:?]
	at testcases.ProjectTests.AECP_ProjectManager_Project_TC005(ProjectTests.java:80) ~[test-classes/:?]
	at java.base/jdk.internal.reflect.DirectMethodHandleAccessor.invoke(DirectMethodHandleAccessor.java:104) ~[?:?]
	at java.base/java.lang.reflect.Method.invoke(Method.java:577) ~[?:?]
	at org.testng.internal.invokers.MethodInvocationHelper.invokeMethod(MethodInvocationHelper.java:141) ~[testng-7.10.2.jar:7.10.2]
	at org.testng.internal.invokers.TestInvoker.invokeMethod(TestInvoker.java:686) ~[testng-7.10.2.jar:7.10.2]
	at org.testng.internal.invokers.TestInvoker.invokeTestMethod(TestInvoker.java:230) ~[testng-7.10.2.jar:7.10.2]
	at org.testng.internal.invokers.MethodRunner.runInSequence(MethodRunner.java:63) ~[testng-7.10.2.jar:7.10.2]
	at org.testng.internal.invokers.TestInvoker$MethodInvocationAgent.invoke(TestInvoker.java:992) ~[testng-7.10.2.jar:7.10.2]
	at org.testng.internal.invokers.TestInvoker.invokeTestMethods(TestInvoker.java:203) ~[testng-7.10.2.jar:7.10.2]
	at org.testng.internal.invokers.TestMethodWorker.invokeTestMethods(TestMethodWorker.java:154) ~[testng-7.10.2.jar:7.10.2]
	at org.testng.internal.invokers.TestMethodWorker.run(TestMethodWorker.java:134) ~[testng-7.10.2.jar:7.10.2]
	at java.base/java.util.ArrayList.forEach(ArrayList.java:1511) [?:?]
	at org.testng.TestRunner.privateRun(TestRunner.java:739) [testng-7.10.2.jar:7.10.2]
	at org.testng.TestRunner.run(TestRunner.java:614) [testng-7.10.2.jar:7.10.2]
	at org.testng.SuiteRunner.runTest(SuiteRunner.java:421) [testng-7.10.2.jar:7.10.2]
	at org.testng.SuiteRunner.runSequentially(SuiteRunner.java:413) [testng-7.10.2.jar:7.10.2]
	at org.testng.SuiteRunner.privateRun(SuiteRunner.java:373) [testng-7.10.2.jar:7.10.2]
	at org.testng.SuiteRunner.run(SuiteRunner.java:312) [testng-7.10.2.jar:7.10.2]
	at org.testng.SuiteRunnerWorker.runSuite(SuiteRunnerWorker.java:52) [testng-7.10.2.jar:7.10.2]
	at org.testng.SuiteRunnerWorker.run(SuiteRunnerWorker.java:95) [testng-7.10.2.jar:7.10.2]
	at org.testng.TestNG.runSuitesSequentially(TestNG.java:1274) [testng-7.10.2.jar:7.10.2]
	at org.testng.TestNG.runSuitesLocally(TestNG.java:1208) [testng-7.10.2.jar:7.10.2]
	at org.testng.TestNG.runSuites(TestNG.java:1112) [testng-7.10.2.jar:7.10.2]
	at org.testng.TestNG.run(TestNG.java:1079) [testng-7.10.2.jar:7.10.2]
	at org.testng.remote.AbstractRemoteTestNG.run(AbstractRemoteTestNG.java:115) [testng-remote.jar:?]
	at org.testng.remote.RemoteTestNG.initAndRun(RemoteTestNG.java:293) [testng-remote.jar:?]
	at org.testng.remote.RemoteTestNG.main(RemoteTestNG.java:91) [testng-remote.jar:?]
[INFO ] 2025-02-01 13:09:15.120 [main] LoginTests - Verify Footer Links are Working Correctly
[INFO ] 2025-02-01 13:09:34.451 [main] LoginTests - Hovering over message icon
[INFO ] 2025-02-01 13:21:11.081 [main] LoginTests - Verify Footer Links are Working Correctly
[INFO ] 2025-02-01 13:21:27.580 [main] LoginTests - Verify search field displays valid result 
[INFO ] 2025-02-01 13:22:13.542 [main] LoginTests - Verify search field displays valid result 
[INFO ] 2025-02-03 15:46:57.495 [main] TaskTests - Verifying page title
[INFO ] 2025-02-03 15:48:56.945 [main] TaskTests - Verifying page title
[ERROR] 2025-02-03 17:21:31.183 [main] TaskTests - An error occured while verifying employee dropdown
org.openqa.selenium.NoSuchSessionException: invalid session id: session deleted as the browser has closed the connection
from disconnected: unable to send message to renderer
  (Session info: MicrosoftEdge=132.0.2957.127)
Build info: version: '4.27.0', revision: 'd6e718d134'
System info: os.name: 'Windows 11', os.arch: 'amd64', os.version: '10.0', java.version: '18.0.2'
Driver info: org.openqa.selenium.edge.EdgeDriver
Command: [829a23f7e01785c05e617af7864eab42, findElement {using=xpath, value=(//button[@class='dropdown-toggle btn btn-secondary'])[1]}]
Capabilities {acceptInsecureCerts: false, browserName: MicrosoftEdge, browserVersion: 132.0.2957.127, fedcm:accounts: true, ms:edgeOptions: {debuggerAddress: localhost:62253}, msedge: {msedgedriverVersion: 132.0.2957.140 (a81e27b375d..., userDataDir: C:\Users\Vaibhavi\AppData\L...}, networkConnectionEnabled: false, pageLoadStrategy: normal, platformName: windows, proxy: Proxy(), se:cdp: ws://localhost:62253/devtoo..., se:cdpVersion: 132.0.2957.127, setWindowRect: true, strictFileInteractability: false, timeouts: {implicit: 0, pageLoad: 300000, script: 30000}, unhandledPromptBehavior: dismiss and notify, webauthn:extension:credBlob: true, webauthn:extension:largeBlob: true, webauthn:extension:minPinLength: true, webauthn:extension:prf: true, webauthn:virtualAuthenticators: true}
Session ID: 829a23f7e01785c05e617af7864eab42
	at java.base/jdk.internal.reflect.DirectConstructorHandleAccessor.newInstance(DirectConstructorHandleAccessor.java:67) ~[?:?]
	at java.base/java.lang.reflect.Constructor.newInstanceWithCaller(Constructor.java:499) ~[?:?]
	at java.base/java.lang.reflect.Constructor.newInstance(Constructor.java:483) ~[?:?]
	at org.openqa.selenium.remote.ErrorCodec.decode(ErrorCodec.java:167) ~[selenium-remote-driver-4.27.0.jar:?]
	at org.openqa.selenium.remote.codec.w3c.W3CHttpResponseCodec.decode(W3CHttpResponseCodec.java:138) ~[selenium-remote-driver-4.27.0.jar:?]
	at org.openqa.selenium.remote.codec.w3c.W3CHttpResponseCodec.decode(W3CHttpResponseCodec.java:50) ~[selenium-remote-driver-4.27.0.jar:?]
	at org.openqa.selenium.remote.HttpCommandExecutor.execute(HttpCommandExecutor.java:190) ~[selenium-remote-driver-4.27.0.jar:?]
	at org.openqa.selenium.remote.service.DriverCommandExecutor.invokeExecute(DriverCommandExecutor.java:216) ~[selenium-remote-driver-4.27.0.jar:?]
	at org.openqa.selenium.remote.service.DriverCommandExecutor.execute(DriverCommandExecutor.java:174) ~[selenium-remote-driver-4.27.0.jar:?]
	at org.openqa.selenium.remote.RemoteWebDriver.execute(RemoteWebDriver.java:545) ~[selenium-remote-driver-4.27.0.jar:?]
	at org.openqa.selenium.remote.ElementLocation$ElementFinder$2.findElement(ElementLocation.java:165) ~[selenium-remote-driver-4.27.0.jar:?]
	at org.openqa.selenium.remote.ElementLocation.findElement(ElementLocation.java:59) ~[selenium-remote-driver-4.27.0.jar:?]
	at org.openqa.selenium.remote.RemoteWebDriver.findElement(RemoteWebDriver.java:368) ~[selenium-remote-driver-4.27.0.jar:?]
	at org.openqa.selenium.remote.RemoteWebDriver.findElement(RemoteWebDriver.java:362) ~[selenium-remote-driver-4.27.0.jar:?]
	at org.openqa.selenium.support.pagefactory.DefaultElementLocator.findElement(DefaultElementLocator.java:68) ~[selenium-support-4.27.0.jar:?]
	at org.openqa.selenium.support.pagefactory.internal.LocatingElementHandler.invoke(LocatingElementHandler.java:38) ~[selenium-support-4.27.0.jar:?]
	at jdk.proxy2/jdk.proxy2.$Proxy32.click(Unknown Source) ~[?:?]
	at pages.TaskPage.employee_dd(TaskPage.java:51) ~[test-classes/:?]
	at testcases.TaskTests.AECP_ProjectManager_Task_TC009(TaskTests.java:103) ~[test-classes/:?]
	at java.base/jdk.internal.reflect.DirectMethodHandleAccessor.invoke(DirectMethodHandleAccessor.java:104) ~[?:?]
	at java.base/java.lang.reflect.Method.invoke(Method.java:577) ~[?:?]
	at org.testng.internal.invokers.MethodInvocationHelper.invokeMethod(MethodInvocationHelper.java:141) ~[testng-7.10.2.jar:7.10.2]
	at org.testng.internal.invokers.TestInvoker.invokeMethod(TestInvoker.java:686) ~[testng-7.10.2.jar:7.10.2]
	at org.testng.internal.invokers.TestInvoker.invokeTestMethod(TestInvoker.java:230) ~[testng-7.10.2.jar:7.10.2]
	at org.testng.internal.invokers.MethodRunner.runInSequence(MethodRunner.java:63) ~[testng-7.10.2.jar:7.10.2]
	at org.testng.internal.invokers.TestInvoker$MethodInvocationAgent.invoke(TestInvoker.java:992) ~[testng-7.10.2.jar:7.10.2]
	at org.testng.internal.invokers.TestInvoker.invokeTestMethods(TestInvoker.java:203) ~[testng-7.10.2.jar:7.10.2]
	at org.testng.internal.invokers.TestMethodWorker.invokeTestMethods(TestMethodWorker.java:154) ~[testng-7.10.2.jar:7.10.2]
	at org.testng.internal.invokers.TestMethodWorker.run(TestMethodWorker.java:134) ~[testng-7.10.2.jar:7.10.2]
	at java.base/java.util.ArrayList.forEach(ArrayList.java:1511) [?:?]
	at org.testng.TestRunner.privateRun(TestRunner.java:739) [testng-7.10.2.jar:7.10.2]
	at org.testng.TestRunner.run(TestRunner.java:614) [testng-7.10.2.jar:7.10.2]
	at org.testng.SuiteRunner.runTest(SuiteRunner.java:421) [testng-7.10.2.jar:7.10.2]
	at org.testng.SuiteRunner.runSequentially(SuiteRunner.java:413) [testng-7.10.2.jar:7.10.2]
	at org.testng.SuiteRunner.privateRun(SuiteRunner.java:373) [testng-7.10.2.jar:7.10.2]
	at org.testng.SuiteRunner.run(SuiteRunner.java:312) [testng-7.10.2.jar:7.10.2]
	at org.testng.SuiteRunnerWorker.runSuite(SuiteRunnerWorker.java:52) [testng-7.10.2.jar:7.10.2]
	at org.testng.SuiteRunnerWorker.run(SuiteRunnerWorker.java:95) [testng-7.10.2.jar:7.10.2]
	at org.testng.TestNG.runSuitesSequentially(TestNG.java:1274) [testng-7.10.2.jar:7.10.2]
	at org.testng.TestNG.runSuitesLocally(TestNG.java:1208) [testng-7.10.2.jar:7.10.2]
	at org.testng.TestNG.runSuites(TestNG.java:1112) [testng-7.10.2.jar:7.10.2]
	at org.testng.TestNG.run(TestNG.java:1079) [testng-7.10.2.jar:7.10.2]
	at org.testng.remote.AbstractRemoteTestNG.run(AbstractRemoteTestNG.java:115) [testng-remote.jar:?]
	at org.testng.remote.RemoteTestNG.initAndRun(RemoteTestNG.java:293) [testng-remote.jar:?]
	at org.testng.remote.RemoteTestNG.main(RemoteTestNG.java:91) [testng-remote.jar:?]
[ERROR] 2025-02-03 17:21:48.684 [main] TaskTests - An error occured while verifying employee dropdown
org.openqa.selenium.NoSuchSessionException: invalid session id: session deleted as the browser has closed the connection
from disconnected: unable to send message to renderer
  (Session info: MicrosoftEdge=132.0.2957.127)
Build info: version: '4.27.0', revision: 'd6e718d134'
System info: os.name: 'Windows 11', os.arch: 'amd64', os.version: '10.0', java.version: '18.0.2'
Driver info: org.openqa.selenium.edge.EdgeDriver
Command: [b166f97f17654c61e57887a0baa3b648, findElement {using=xpath, value=(//button[@class='dropdown-toggle btn btn-secondary'])[1]}]
Capabilities {acceptInsecureCerts: false, browserName: MicrosoftEdge, browserVersion: 132.0.2957.127, fedcm:accounts: true, ms:edgeOptions: {debuggerAddress: localhost:62328}, msedge: {msedgedriverVersion: 132.0.2957.140 (a81e27b375d..., userDataDir: C:\Users\Vaibhavi\AppData\L...}, networkConnectionEnabled: false, pageLoadStrategy: normal, platformName: windows, proxy: Proxy(), se:cdp: ws://localhost:62328/devtoo..., se:cdpVersion: 132.0.2957.127, setWindowRect: true, strictFileInteractability: false, timeouts: {implicit: 0, pageLoad: 300000, script: 30000}, unhandledPromptBehavior: dismiss and notify, webauthn:extension:credBlob: true, webauthn:extension:largeBlob: true, webauthn:extension:minPinLength: true, webauthn:extension:prf: true, webauthn:virtualAuthenticators: true}
Session ID: b166f97f17654c61e57887a0baa3b648
	at java.base/jdk.internal.reflect.DirectConstructorHandleAccessor.newInstance(DirectConstructorHandleAccessor.java:67) ~[?:?]
	at java.base/java.lang.reflect.Constructor.newInstanceWithCaller(Constructor.java:499) ~[?:?]
	at java.base/java.lang.reflect.Constructor.newInstance(Constructor.java:483) ~[?:?]
	at org.openqa.selenium.remote.ErrorCodec.decode(ErrorCodec.java:167) ~[selenium-remote-driver-4.27.0.jar:?]
	at org.openqa.selenium.remote.codec.w3c.W3CHttpResponseCodec.decode(W3CHttpResponseCodec.java:138) ~[selenium-remote-driver-4.27.0.jar:?]
	at org.openqa.selenium.remote.codec.w3c.W3CHttpResponseCodec.decode(W3CHttpResponseCodec.java:50) ~[selenium-remote-driver-4.27.0.jar:?]
	at org.openqa.selenium.remote.HttpCommandExecutor.execute(HttpCommandExecutor.java:190) ~[selenium-remote-driver-4.27.0.jar:?]
	at org.openqa.selenium.remote.service.DriverCommandExecutor.invokeExecute(DriverCommandExecutor.java:216) ~[selenium-remote-driver-4.27.0.jar:?]
	at org.openqa.selenium.remote.service.DriverCommandExecutor.execute(DriverCommandExecutor.java:174) ~[selenium-remote-driver-4.27.0.jar:?]
	at org.openqa.selenium.remote.RemoteWebDriver.execute(RemoteWebDriver.java:545) ~[selenium-remote-driver-4.27.0.jar:?]
	at org.openqa.selenium.remote.ElementLocation$ElementFinder$2.findElement(ElementLocation.java:165) ~[selenium-remote-driver-4.27.0.jar:?]
	at org.openqa.selenium.remote.ElementLocation.findElement(ElementLocation.java:59) ~[selenium-remote-driver-4.27.0.jar:?]
	at org.openqa.selenium.remote.RemoteWebDriver.findElement(RemoteWebDriver.java:368) ~[selenium-remote-driver-4.27.0.jar:?]
	at org.openqa.selenium.remote.RemoteWebDriver.findElement(RemoteWebDriver.java:362) ~[selenium-remote-driver-4.27.0.jar:?]
	at org.openqa.selenium.support.pagefactory.DefaultElementLocator.findElement(DefaultElementLocator.java:68) ~[selenium-support-4.27.0.jar:?]
	at org.openqa.selenium.support.pagefactory.internal.LocatingElementHandler.invoke(LocatingElementHandler.java:38) ~[selenium-support-4.27.0.jar:?]
	at jdk.proxy2/jdk.proxy2.$Proxy32.click(Unknown Source) ~[?:?]
	at pages.TaskPage.employee_dd(TaskPage.java:51) ~[test-classes/:?]
	at testcases.TaskTests.AECP_ProjectManager_Task_TC009(TaskTests.java:103) ~[test-classes/:?]
	at java.base/jdk.internal.reflect.DirectMethodHandleAccessor.invoke(DirectMethodHandleAccessor.java:104) ~[?:?]
	at java.base/java.lang.reflect.Method.invoke(Method.java:577) ~[?:?]
	at org.testng.internal.invokers.MethodInvocationHelper.invokeMethod(MethodInvocationHelper.java:141) ~[testng-7.10.2.jar:7.10.2]
	at org.testng.internal.invokers.TestInvoker.invokeMethod(TestInvoker.java:686) ~[testng-7.10.2.jar:7.10.2]
	at org.testng.internal.invokers.TestInvoker.invokeTestMethod(TestInvoker.java:230) ~[testng-7.10.2.jar:7.10.2]
	at org.testng.internal.invokers.MethodRunner.runInSequence(MethodRunner.java:63) ~[testng-7.10.2.jar:7.10.2]
	at org.testng.internal.invokers.TestInvoker$MethodInvocationAgent.invoke(TestInvoker.java:992) ~[testng-7.10.2.jar:7.10.2]
	at org.testng.internal.invokers.TestInvoker.invokeTestMethods(TestInvoker.java:203) ~[testng-7.10.2.jar:7.10.2]
	at org.testng.internal.invokers.TestMethodWorker.invokeTestMethods(TestMethodWorker.java:154) ~[testng-7.10.2.jar:7.10.2]
	at org.testng.internal.invokers.TestMethodWorker.run(TestMethodWorker.java:134) ~[testng-7.10.2.jar:7.10.2]
	at java.base/java.util.ArrayList.forEach(ArrayList.java:1511) [?:?]
	at org.testng.TestRunner.privateRun(TestRunner.java:739) [testng-7.10.2.jar:7.10.2]
	at org.testng.TestRunner.run(TestRunner.java:614) [testng-7.10.2.jar:7.10.2]
	at org.testng.SuiteRunner.runTest(SuiteRunner.java:421) [testng-7.10.2.jar:7.10.2]
	at org.testng.SuiteRunner.runSequentially(SuiteRunner.java:413) [testng-7.10.2.jar:7.10.2]
	at org.testng.SuiteRunner.privateRun(SuiteRunner.java:373) [testng-7.10.2.jar:7.10.2]
	at org.testng.SuiteRunner.run(SuiteRunner.java:312) [testng-7.10.2.jar:7.10.2]
	at org.testng.SuiteRunnerWorker.runSuite(SuiteRunnerWorker.java:52) [testng-7.10.2.jar:7.10.2]
	at org.testng.SuiteRunnerWorker.run(SuiteRunnerWorker.java:95) [testng-7.10.2.jar:7.10.2]
	at org.testng.TestNG.runSuitesSequentially(TestNG.java:1274) [testng-7.10.2.jar:7.10.2]
	at org.testng.TestNG.runSuitesLocally(TestNG.java:1208) [testng-7.10.2.jar:7.10.2]
	at org.testng.TestNG.runSuites(TestNG.java:1112) [testng-7.10.2.jar:7.10.2]
	at org.testng.TestNG.run(TestNG.java:1079) [testng-7.10.2.jar:7.10.2]
	at org.testng.remote.AbstractRemoteTestNG.run(AbstractRemoteTestNG.java:115) [testng-remote.jar:?]
	at org.testng.remote.RemoteTestNG.initAndRun(RemoteTestNG.java:293) [testng-remote.jar:?]
	at org.testng.remote.RemoteTestNG.main(RemoteTestNG.java:91) [testng-remote.jar:?]
[ERROR] 2025-02-03 17:25:38.781 [main] TaskTests - An error occured while verifying employee dropdown
org.openqa.selenium.NoSuchElementException: no such element: Unable to locate element: {"method":"xpath","selector":"(//button[@class='dropdown-toggle btn btn-secondary'])[1]"}
  (Session info: MicrosoftEdge=132.0.2957.127)
For documentation on this error, please visit: https://www.selenium.dev/documentation/webdriver/troubleshooting/errors#no-such-element-exception
Build info: version: '4.27.0', revision: 'd6e718d134'
System info: os.name: 'Windows 11', os.arch: 'amd64', os.version: '10.0', java.version: '18.0.2'
Driver info: org.openqa.selenium.edge.EdgeDriver
Command: [d46ebaf87cf58cc6771bd28a37ec1c22, findElement {using=xpath, value=(//button[@class='dropdown-toggle btn btn-secondary'])[1]}]
Capabilities {acceptInsecureCerts: false, browserName: MicrosoftEdge, browserVersion: 132.0.2957.127, fedcm:accounts: true, ms:edgeOptions: {debuggerAddress: localhost:62670}, msedge: {msedgedriverVersion: 132.0.2957.140 (a81e27b375d..., userDataDir: C:\Users\Vaibhavi\AppData\L...}, networkConnectionEnabled: false, pageLoadStrategy: normal, platformName: windows, proxy: Proxy(), se:cdp: ws://localhost:62670/devtoo..., se:cdpVersion: 132.0.2957.127, setWindowRect: true, strictFileInteractability: false, timeouts: {implicit: 0, pageLoad: 300000, script: 30000}, unhandledPromptBehavior: dismiss and notify, webauthn:extension:credBlob: true, webauthn:extension:largeBlob: true, webauthn:extension:minPinLength: true, webauthn:extension:prf: true, webauthn:virtualAuthenticators: true}
Session ID: d46ebaf87cf58cc6771bd28a37ec1c22
	at java.base/jdk.internal.reflect.DirectConstructorHandleAccessor.newInstance(DirectConstructorHandleAccessor.java:67) ~[?:?]
	at java.base/java.lang.reflect.Constructor.newInstanceWithCaller(Constructor.java:499) ~[?:?]
	at java.base/java.lang.reflect.Constructor.newInstance(Constructor.java:483) ~[?:?]
	at org.openqa.selenium.remote.ErrorCodec.decode(ErrorCodec.java:167) ~[selenium-remote-driver-4.27.0.jar:?]
	at org.openqa.selenium.remote.codec.w3c.W3CHttpResponseCodec.decode(W3CHttpResponseCodec.java:138) ~[selenium-remote-driver-4.27.0.jar:?]
	at org.openqa.selenium.remote.codec.w3c.W3CHttpResponseCodec.decode(W3CHttpResponseCodec.java:50) ~[selenium-remote-driver-4.27.0.jar:?]
	at org.openqa.selenium.remote.HttpCommandExecutor.execute(HttpCommandExecutor.java:190) ~[selenium-remote-driver-4.27.0.jar:?]
	at org.openqa.selenium.remote.service.DriverCommandExecutor.invokeExecute(DriverCommandExecutor.java:216) ~[selenium-remote-driver-4.27.0.jar:?]
	at org.openqa.selenium.remote.service.DriverCommandExecutor.execute(DriverCommandExecutor.java:174) ~[selenium-remote-driver-4.27.0.jar:?]
	at org.openqa.selenium.remote.RemoteWebDriver.execute(RemoteWebDriver.java:545) ~[selenium-remote-driver-4.27.0.jar:?]
	at org.openqa.selenium.remote.ElementLocation$ElementFinder$2.findElement(ElementLocation.java:165) ~[selenium-remote-driver-4.27.0.jar:?]
	at org.openqa.selenium.remote.ElementLocation.findElement(ElementLocation.java:59) ~[selenium-remote-driver-4.27.0.jar:?]
	at org.openqa.selenium.remote.RemoteWebDriver.findElement(RemoteWebDriver.java:368) ~[selenium-remote-driver-4.27.0.jar:?]
	at org.openqa.selenium.remote.RemoteWebDriver.findElement(RemoteWebDriver.java:362) ~[selenium-remote-driver-4.27.0.jar:?]
	at org.openqa.selenium.support.pagefactory.DefaultElementLocator.findElement(DefaultElementLocator.java:68) ~[selenium-support-4.27.0.jar:?]
	at org.openqa.selenium.support.pagefactory.internal.LocatingElementHandler.invoke(LocatingElementHandler.java:38) ~[selenium-support-4.27.0.jar:?]
	at jdk.proxy2/jdk.proxy2.$Proxy32.click(Unknown Source) ~[?:?]
	at pages.TaskPage.employee_dd(TaskPage.java:53) ~[test-classes/:?]
	at testcases.TaskTests.AECP_ProjectManager_Task_TC009(TaskTests.java:103) ~[test-classes/:?]
	at java.base/jdk.internal.reflect.DirectMethodHandleAccessor.invoke(DirectMethodHandleAccessor.java:104) ~[?:?]
	at java.base/java.lang.reflect.Method.invoke(Method.java:577) ~[?:?]
	at org.testng.internal.invokers.MethodInvocationHelper.invokeMethod(MethodInvocationHelper.java:141) ~[testng-7.10.2.jar:7.10.2]
	at org.testng.internal.invokers.TestInvoker.invokeMethod(TestInvoker.java:686) ~[testng-7.10.2.jar:7.10.2]
	at org.testng.internal.invokers.TestInvoker.invokeTestMethod(TestInvoker.java:230) ~[testng-7.10.2.jar:7.10.2]
	at org.testng.internal.invokers.MethodRunner.runInSequence(MethodRunner.java:63) ~[testng-7.10.2.jar:7.10.2]
	at org.testng.internal.invokers.TestInvoker$MethodInvocationAgent.invoke(TestInvoker.java:992) ~[testng-7.10.2.jar:7.10.2]
	at org.testng.internal.invokers.TestInvoker.invokeTestMethods(TestInvoker.java:203) ~[testng-7.10.2.jar:7.10.2]
	at org.testng.internal.invokers.TestMethodWorker.invokeTestMethods(TestMethodWorker.java:154) ~[testng-7.10.2.jar:7.10.2]
	at org.testng.internal.invokers.TestMethodWorker.run(TestMethodWorker.java:134) ~[testng-7.10.2.jar:7.10.2]
	at java.base/java.util.ArrayList.forEach(ArrayList.java:1511) [?:?]
	at org.testng.TestRunner.privateRun(TestRunner.java:739) [testng-7.10.2.jar:7.10.2]
	at org.testng.TestRunner.run(TestRunner.java:614) [testng-7.10.2.jar:7.10.2]
	at org.testng.SuiteRunner.runTest(SuiteRunner.java:421) [testng-7.10.2.jar:7.10.2]
	at org.testng.SuiteRunner.runSequentially(SuiteRunner.java:413) [testng-7.10.2.jar:7.10.2]
	at org.testng.SuiteRunner.privateRun(SuiteRunner.java:373) [testng-7.10.2.jar:7.10.2]
	at org.testng.SuiteRunner.run(SuiteRunner.java:312) [testng-7.10.2.jar:7.10.2]
	at org.testng.SuiteRunnerWorker.runSuite(SuiteRunnerWorker.java:52) [testng-7.10.2.jar:7.10.2]
	at org.testng.SuiteRunnerWorker.run(SuiteRunnerWorker.java:95) [testng-7.10.2.jar:7.10.2]
	at org.testng.TestNG.runSuitesSequentially(TestNG.java:1274) [testng-7.10.2.jar:7.10.2]
	at org.testng.TestNG.runSuitesLocally(TestNG.java:1208) [testng-7.10.2.jar:7.10.2]
	at org.testng.TestNG.runSuites(TestNG.java:1112) [testng-7.10.2.jar:7.10.2]
	at org.testng.TestNG.run(TestNG.java:1079) [testng-7.10.2.jar:7.10.2]
	at org.testng.remote.AbstractRemoteTestNG.run(AbstractRemoteTestNG.java:115) [testng-remote.jar:?]
	at org.testng.remote.RemoteTestNG.initAndRun(RemoteTestNG.java:293) [testng-remote.jar:?]
	at org.testng.remote.RemoteTestNG.main(RemoteTestNG.java:91) [testng-remote.jar:?]
[INFO ] 2025-02-04 13:29:06.383 [main] LoginTests - Fetched the actual title: AECP
[INFO ] 2025-02-04 13:29:06.386 [main] LoginTests - actual title matches with expected title
[INFO ] 2025-02-04 13:29:24.784 [main] LoginTests - Login happened successfully
[INFO ] 2025-02-04 13:29:24.808 [main] LoginTests - current url captured in a variable
[INFO ] 2025-02-04 13:29:24.809 [main] LoginTests - current url matches with the expected url - 'https://aecp.aecearth.io/project-admin/project-management/dashboard'
[INFO ] 2025-02-04 13:29:36.895 [main] LoginTests - Entered invalid login credentials
[INFO ] 2025-02-04 13:29:36.909 [main] LoginTests - URL does not changed login not happened with invalid credentials
[INFO ] 2025-02-04 13:29:48.945 [main] LoginTests - Entered invalid login credentials
[INFO ] 2025-02-04 13:29:48.962 [main] LoginTests - URL does not changed login not happened with invalid credentials
[INFO ] 2025-02-04 13:29:58.941 [main] LoginTests - Entered invalid login credentials
[INFO ] 2025-02-04 13:29:58.967 [main] LoginTests - URL does not changed login not happened with invalid credentials
[INFO ] 2025-02-04 13:30:10.939 [main] DashboardTests - Validating page load
[INFO ] 2025-02-04 13:30:10.949 [main] DashboardTests - Page loaded successfully with all content
[INFO ] 2025-02-04 13:30:22.624 [main] DashboardTests - Fetched the actual title: AECP
[INFO ] 2025-02-04 13:30:22.639 [main] DashboardTests - actual title matches with expected title
[INFO ] 2025-02-04 13:30:33.157 [main] DashboardTests - Verify logo
[INFO ] 2025-02-04 13:30:33.207 [main] DashboardTests - Logo is displayed in the page
[INFO ] 2025-02-04 13:30:44.682 [main] DashboardTests - Verify navigation links are working fine
[INFO ] 2025-02-04 13:30:54.851 [main] DashboardTests - Verify navigation links are working fine
[INFO ] 2025-02-04 13:31:05.569 [main] DashboardTests - Verify navigation links are working fine
[INFO ] 2025-02-04 13:31:15.789 [main] DashboardTests - Verify navigation links are working fine
[INFO ] 2025-02-04 13:31:25.432 [main] DashboardTests - Verify navigation links are working fine
[INFO ] 2025-02-04 13:31:34.632 [main] DashboardTests - Verify navigation links are working fine
[INFO ] 2025-02-04 13:31:46.220 [main] DashboardTests - Verify navigation links are working fine
[INFO ] 2025-02-04 13:31:55.988 [main] DashboardTests - Verify navigation links are working fine
[INFO ] 2025-02-04 13:32:05.455 [main] DashboardTests - Verify navigation links are working fine
[INFO ] 2025-02-04 13:32:19.190 [main] DashboardTests - Verify the next month button
[INFO ] 2025-02-04 13:32:19.404 [main] DashboardTests - Clicked on next month button
[INFO ] 2025-02-04 13:32:29.114 [main] DashboardTests - Verify the previous month button
[INFO ] 2025-02-04 13:32:29.334 [main] DashboardTests - Clicked on previous month button
[INFO ] 2025-02-04 13:32:38.824 [main] DashboardTests - Verify the next year button
[INFO ] 2025-02-04 13:32:39.049 [main] DashboardTests - Clicked on next year button
[INFO ] 2025-02-04 13:32:50.219 [main] DashboardTests - Verify the previous year button
[INFO ] 2025-02-04 13:32:50.458 [main] DashboardTests - Clicked on previous year button
[INFO ] 2025-02-04 13:32:59.618 [main] DashboardTests - Verify selecting a date from the calendar
[INFO ] 2025-02-04 13:32:59.849 [main] DashboardTests - date is selected
[INFO ] 2025-02-04 13:33:10.465 [main] DashboardTests - Verify logout functionality
[INFO ] 2025-02-04 13:33:10.467 [main] DashboardTests - logout method initialized
[INFO ] 2025-02-04 13:33:10.711 [main] DashboardTests - logged out successfully
[INFO ] 2025-02-04 13:33:22.563 [main] DashboardTests - Verify footer sticky
[INFO ] 2025-02-04 13:33:42.165 [main] ProjectTests - Verifying page title
[INFO ] 2025-02-04 13:33:51.791 [main] ProjectTests - Verify logo
[INFO ] 2025-02-04 13:34:01.665 [main] ProjectTests - Verify Footer Links are Working Correctly
[INFO ] 2025-02-04 13:34:14.038 [main] ProjectTests - Verify Footer is sticky
[INFO ] 2025-02-04 13:34:23.588 [main] ProjectTests - Hovering over message icon
[INFO ] 2025-02-04 13:34:33.224 [main] ProjectTests - Verify search field displays valid result 
[INFO ] 2025-02-04 13:34:54.872 [main] TaskTests - Verifying page title
[ERROR] 2025-02-05 19:14:40.792 [main] MaterialTests - An error occured while verifying page load
java.lang.NullPointerException: Cannot invoke "org.openqa.selenium.SearchContext.findElement(org.openqa.selenium.By)" because "this.searchContext" is null
	at org.openqa.selenium.support.pagefactory.DefaultElementLocator.findElement(DefaultElementLocator.java:68) ~[selenium-support-4.27.0.jar:?]
	at org.openqa.selenium.support.pagefactory.internal.LocatingElementHandler.invoke(LocatingElementHandler.java:38) ~[selenium-support-4.27.0.jar:?]
	at jdk.proxy2/jdk.proxy2.$Proxy29.click(Unknown Source) ~[?:?]
	at pages.MaterialsPage.clickOnMaterialsLink(MaterialsPage.java:22) ~[test-classes/:?]
	at testcases.MaterialTests.AECP_ProjectManager_Materials_TC001(MaterialTests.java:20) ~[test-classes/:?]
	at java.base/jdk.internal.reflect.DirectMethodHandleAccessor.invoke(DirectMethodHandleAccessor.java:104) ~[?:?]
	at java.base/java.lang.reflect.Method.invoke(Method.java:577) ~[?:?]
	at org.testng.internal.invokers.MethodInvocationHelper.invokeMethod(MethodInvocationHelper.java:141) ~[testng-7.10.2.jar:7.10.2]
	at org.testng.internal.invokers.TestInvoker.invokeMethod(TestInvoker.java:686) ~[testng-7.10.2.jar:7.10.2]
	at org.testng.internal.invokers.TestInvoker.invokeTestMethod(TestInvoker.java:230) ~[testng-7.10.2.jar:7.10.2]
	at org.testng.internal.invokers.MethodRunner.runInSequence(MethodRunner.java:63) ~[testng-7.10.2.jar:7.10.2]
	at org.testng.internal.invokers.TestInvoker$MethodInvocationAgent.invoke(TestInvoker.java:992) ~[testng-7.10.2.jar:7.10.2]
	at org.testng.internal.invokers.TestInvoker.invokeTestMethods(TestInvoker.java:203) ~[testng-7.10.2.jar:7.10.2]
	at org.testng.internal.invokers.TestMethodWorker.invokeTestMethods(TestMethodWorker.java:154) ~[testng-7.10.2.jar:7.10.2]
	at org.testng.internal.invokers.TestMethodWorker.run(TestMethodWorker.java:134) ~[testng-7.10.2.jar:7.10.2]
	at java.base/java.util.ArrayList.forEach(ArrayList.java:1511) [?:?]
	at org.testng.TestRunner.privateRun(TestRunner.java:739) [testng-7.10.2.jar:7.10.2]
	at org.testng.TestRunner.run(TestRunner.java:614) [testng-7.10.2.jar:7.10.2]
	at org.testng.SuiteRunner.runTest(SuiteRunner.java:421) [testng-7.10.2.jar:7.10.2]
	at org.testng.SuiteRunner.runSequentially(SuiteRunner.java:413) [testng-7.10.2.jar:7.10.2]
	at org.testng.SuiteRunner.privateRun(SuiteRunner.java:373) [testng-7.10.2.jar:7.10.2]
	at org.testng.SuiteRunner.run(SuiteRunner.java:312) [testng-7.10.2.jar:7.10.2]
	at org.testng.SuiteRunnerWorker.runSuite(SuiteRunnerWorker.java:52) [testng-7.10.2.jar:7.10.2]
	at org.testng.SuiteRunnerWorker.run(SuiteRunnerWorker.java:95) [testng-7.10.2.jar:7.10.2]
	at org.testng.TestNG.runSuitesSequentially(TestNG.java:1274) [testng-7.10.2.jar:7.10.2]
	at org.testng.TestNG.runSuitesLocally(TestNG.java:1208) [testng-7.10.2.jar:7.10.2]
	at org.testng.TestNG.runSuites(TestNG.java:1112) [testng-7.10.2.jar:7.10.2]
	at org.testng.TestNG.run(TestNG.java:1079) [testng-7.10.2.jar:7.10.2]
	at org.testng.remote.AbstractRemoteTestNG.run(AbstractRemoteTestNG.java:115) [testng-remote.jar:?]
	at org.testng.remote.RemoteTestNG.initAndRun(RemoteTestNG.java:293) [testng-remote.jar:?]
	at org.testng.remote.RemoteTestNG.main(RemoteTestNG.java:91) [testng-remote.jar:?]
[INFO ] 2025-02-06 15:30:02.851 [main] LoginTests - Fetched the actual title: AECP
[INFO ] 2025-02-06 15:30:02.853 [main] LoginTests - actual title matches with expected title
[INFO ] 2025-02-06 15:30:09.122 [main] LoginTests - Get the actual page header
[INFO ] 2025-02-06 15:30:09.122 [main] LoginTests - Actual header matches with actual header
[INFO ] 2025-02-06 15:30:18.994 [main] LoginTests - Login happened successfully
[INFO ] 2025-02-06 15:30:19.014 [main] LoginTests - current url captured in a variable
[INFO ] 2025-02-06 15:30:19.018 [main] LoginTests - current url matches with the expected url - 'https://aecp.aecearth.io/project-admin/project-management/dashboard'
[INFO ] 2025-02-06 15:30:29.806 [main] LoginTests - Entered invalid login credentials
[INFO ] 2025-02-06 15:30:29.825 [main] LoginTests - URL does not changed login not happened with invalid credentials
[INFO ] 2025-02-06 15:30:39.367 [main] LoginTests - Entered invalid login credentials
[INFO ] 2025-02-06 15:30:39.376 [main] LoginTests - URL does not changed login not happened with invalid credentials
[INFO ] 2025-02-06 15:30:49.070 [main] LoginTests - Entered invalid login credentials
[INFO ] 2025-02-06 15:30:49.091 [main] LoginTests - URL does not changed login not happened with invalid credentials
[INFO ] 2025-02-06 15:30:58.978 [main] DashboardTests - Validating page load
[INFO ] 2025-02-06 15:30:59.001 [main] DashboardTests - Page loaded successfully with all content
[INFO ] 2025-02-06 15:31:09.807 [main] DashboardTests - Fetched the actual title: AECP
[INFO ] 2025-02-06 15:31:09.807 [main] DashboardTests - actual title matches with expected title
[INFO ] 2025-02-06 15:31:19.927 [main] DashboardTests - Verify logo
[INFO ] 2025-02-06 15:31:19.991 [main] DashboardTests - Logo is displayed in the page
[INFO ] 2025-02-06 15:31:30.499 [main] DashboardTests - Verify navigation links are working fine
[INFO ] 2025-02-06 15:31:48.354 [main] DashboardTests - Verify navigation links are working fine
[INFO ] 2025-02-06 15:31:59.543 [main] DashboardTests - Verify navigation links are working fine
[INFO ] 2025-02-06 15:32:09.466 [main] DashboardTests - Verify navigation links are working fine
[INFO ] 2025-02-06 15:32:20.792 [main] DashboardTests - Verify navigation links are working fine
[INFO ] 2025-02-06 15:32:31.775 [main] DashboardTests - Verify navigation links are working fine
[INFO ] 2025-02-06 15:32:40.718 [main] DashboardTests - Verify navigation links are working fine
[INFO ] 2025-02-06 15:32:50.342 [main] DashboardTests - Verify navigation links are working fine
[INFO ] 2025-02-06 15:33:01.452 [main] DashboardTests - Verify navigation links are working fine
[INFO ] 2025-02-06 15:33:14.085 [main] DashboardTests - Verify the next month button
[INFO ] 2025-02-06 15:33:14.221 [main] DashboardTests - Clicked on next month button
[INFO ] 2025-02-06 15:33:24.461 [main] DashboardTests - Verify the previous month button
[INFO ] 2025-02-06 15:33:24.600 [main] DashboardTests - Clicked on previous month button
[INFO ] 2025-02-06 15:33:37.001 [main] DashboardTests - Verify the next year button
[INFO ] 2025-02-06 15:33:37.116 [main] DashboardTests - Clicked on next year button
[INFO ] 2025-02-06 15:33:47.367 [main] DashboardTests - Verify the previous year button
[INFO ] 2025-02-06 15:33:47.467 [main] DashboardTests - Clicked on previous year button
[INFO ] 2025-02-06 15:33:57.067 [main] DashboardTests - Verify selecting a date from the calendar
[INFO ] 2025-02-06 15:33:57.301 [main] DashboardTests - date is selected
[INFO ] 2025-02-06 15:34:06.665 [main] DashboardTests - Verify logout functionality
[INFO ] 2025-02-06 15:34:06.665 [main] DashboardTests - logout method initialized
[INFO ] 2025-02-06 15:34:06.841 [main] DashboardTests - logged out successfully
[INFO ] 2025-02-06 15:34:16.619 [main] DashboardTests - Verify footer sticky
[ERROR] 2025-02-06 15:34:28.999 [main] ProjectTests - An error occured while loading page
java.lang.NullPointerException: Cannot invoke "org.openqa.selenium.SearchContext.findElement(org.openqa.selenium.By)" because "this.searchContext" is null
	at org.openqa.selenium.support.pagefactory.DefaultElementLocator.findElement(DefaultElementLocator.java:68) ~[selenium-support-4.27.0.jar:?]
	at org.openqa.selenium.support.pagefactory.internal.LocatingElementHandler.invoke(LocatingElementHandler.java:38) ~[selenium-support-4.27.0.jar:?]
	at jdk.proxy2/jdk.proxy2.$Proxy29.click(Unknown Source) ~[?:?]
	at testcases.ProjectTests.AECP_ProjectManager_Project_TC001(ProjectTests.java:22) ~[test-classes/:?]
	at java.base/jdk.internal.reflect.DirectMethodHandleAccessor.invoke(DirectMethodHandleAccessor.java:104) ~[?:?]
	at java.base/java.lang.reflect.Method.invoke(Method.java:577) ~[?:?]
	at org.testng.internal.invokers.MethodInvocationHelper.invokeMethod(MethodInvocationHelper.java:141) ~[testng-7.10.2.jar:7.10.2]
	at org.testng.internal.invokers.TestInvoker.invokeMethod(TestInvoker.java:686) ~[testng-7.10.2.jar:7.10.2]
	at org.testng.internal.invokers.TestInvoker.invokeTestMethod(TestInvoker.java:230) ~[testng-7.10.2.jar:7.10.2]
	at org.testng.internal.invokers.MethodRunner.runInSequence(MethodRunner.java:63) ~[testng-7.10.2.jar:7.10.2]
	at org.testng.internal.invokers.TestInvoker$MethodInvocationAgent.invoke(TestInvoker.java:992) ~[testng-7.10.2.jar:7.10.2]
	at org.testng.internal.invokers.TestInvoker.invokeTestMethods(TestInvoker.java:203) ~[testng-7.10.2.jar:7.10.2]
	at org.testng.internal.invokers.TestMethodWorker.invokeTestMethods(TestMethodWorker.java:154) ~[testng-7.10.2.jar:7.10.2]
	at org.testng.internal.invokers.TestMethodWorker.run(TestMethodWorker.java:134) ~[testng-7.10.2.jar:7.10.2]
	at java.base/java.util.ArrayList.forEach(ArrayList.java:1511) [?:?]
	at org.testng.TestRunner.privateRun(TestRunner.java:739) [testng-7.10.2.jar:7.10.2]
	at org.testng.TestRunner.run(TestRunner.java:614) [testng-7.10.2.jar:7.10.2]
	at org.testng.SuiteRunner.runTest(SuiteRunner.java:421) [testng-7.10.2.jar:7.10.2]
	at org.testng.SuiteRunner.runSequentially(SuiteRunner.java:413) [testng-7.10.2.jar:7.10.2]
	at org.testng.SuiteRunner.privateRun(SuiteRunner.java:373) [testng-7.10.2.jar:7.10.2]
	at org.testng.SuiteRunner.run(SuiteRunner.java:312) [testng-7.10.2.jar:7.10.2]
	at org.testng.SuiteRunnerWorker.runSuite(SuiteRunnerWorker.java:52) [testng-7.10.2.jar:7.10.2]
	at org.testng.SuiteRunnerWorker.run(SuiteRunnerWorker.java:95) [testng-7.10.2.jar:7.10.2]
	at org.testng.TestNG.runSuitesSequentially(TestNG.java:1274) [testng-7.10.2.jar:7.10.2]
	at org.testng.TestNG.runSuitesLocally(TestNG.java:1208) [testng-7.10.2.jar:7.10.2]
	at org.testng.TestNG.runSuites(TestNG.java:1112) [testng-7.10.2.jar:7.10.2]
	at org.testng.TestNG.run(TestNG.java:1079) [testng-7.10.2.jar:7.10.2]
	at org.testng.remote.AbstractRemoteTestNG.run(AbstractRemoteTestNG.java:115) [testng-remote.jar:?]
	at org.testng.remote.RemoteTestNG.initAndRun(RemoteTestNG.java:293) [testng-remote.jar:?]
	at org.testng.remote.RemoteTestNG.main(RemoteTestNG.java:91) [testng-remote.jar:?]
[INFO ] 2025-02-06 15:34:39.139 [main] ProjectTests - Verifying page title
[INFO ] 2025-02-06 15:34:48.618 [main] ProjectTests - Verify logo
[INFO ] 2025-02-06 15:34:59.735 [main] ProjectTests - Verify Footer Links are Working Correctly
[INFO ] 2025-02-06 15:35:09.547 [main] ProjectTests - Verify Footer is sticky
[ERROR] 2025-02-06 15:35:09.547 [main] ProjectTests - An error occured while verifying footer stickyness
java.lang.NullPointerException: Cannot invoke "org.openqa.selenium.SearchContext.findElement(org.openqa.selenium.By)" because "this.searchContext" is null
	at org.openqa.selenium.support.pagefactory.DefaultElementLocator.findElement(DefaultElementLocator.java:68) ~[selenium-support-4.27.0.jar:?]
	at org.openqa.selenium.support.pagefactory.internal.LocatingElementHandler.invoke(LocatingElementHandler.java:38) ~[selenium-support-4.27.0.jar:?]
	at jdk.proxy2/jdk.proxy2.$Proxy29.click(Unknown Source) ~[?:?]
	at testcases.ProjectTests.AECP_ProjectManager_Project_TC006(ProjectTests.java:92) ~[test-classes/:?]
	at java.base/jdk.internal.reflect.DirectMethodHandleAccessor.invoke(DirectMethodHandleAccessor.java:104) ~[?:?]
	at java.base/java.lang.reflect.Method.invoke(Method.java:577) ~[?:?]
	at org.testng.internal.invokers.MethodInvocationHelper.invokeMethod(MethodInvocationHelper.java:141) ~[testng-7.10.2.jar:7.10.2]
	at org.testng.internal.invokers.TestInvoker.invokeMethod(TestInvoker.java:686) ~[testng-7.10.2.jar:7.10.2]
	at org.testng.internal.invokers.TestInvoker.invokeTestMethod(TestInvoker.java:230) ~[testng-7.10.2.jar:7.10.2]
	at org.testng.internal.invokers.MethodRunner.runInSequence(MethodRunner.java:63) ~[testng-7.10.2.jar:7.10.2]
	at org.testng.internal.invokers.TestInvoker$MethodInvocationAgent.invoke(TestInvoker.java:992) ~[testng-7.10.2.jar:7.10.2]
	at org.testng.internal.invokers.TestInvoker.invokeTestMethods(TestInvoker.java:203) ~[testng-7.10.2.jar:7.10.2]
	at org.testng.internal.invokers.TestMethodWorker.invokeTestMethods(TestMethodWorker.java:154) ~[testng-7.10.2.jar:7.10.2]
	at org.testng.internal.invokers.TestMethodWorker.run(TestMethodWorker.java:134) ~[testng-7.10.2.jar:7.10.2]
	at java.base/java.util.ArrayList.forEach(ArrayList.java:1511) [?:?]
	at org.testng.TestRunner.privateRun(TestRunner.java:739) [testng-7.10.2.jar:7.10.2]
	at org.testng.TestRunner.run(TestRunner.java:614) [testng-7.10.2.jar:7.10.2]
	at org.testng.SuiteRunner.runTest(SuiteRunner.java:421) [testng-7.10.2.jar:7.10.2]
	at org.testng.SuiteRunner.runSequentially(SuiteRunner.java:413) [testng-7.10.2.jar:7.10.2]
	at org.testng.SuiteRunner.privateRun(SuiteRunner.java:373) [testng-7.10.2.jar:7.10.2]
	at org.testng.SuiteRunner.run(SuiteRunner.java:312) [testng-7.10.2.jar:7.10.2]
	at org.testng.SuiteRunnerWorker.runSuite(SuiteRunnerWorker.java:52) [testng-7.10.2.jar:7.10.2]
	at org.testng.SuiteRunnerWorker.run(SuiteRunnerWorker.java:95) [testng-7.10.2.jar:7.10.2]
	at org.testng.TestNG.runSuitesSequentially(TestNG.java:1274) [testng-7.10.2.jar:7.10.2]
	at org.testng.TestNG.runSuitesLocally(TestNG.java:1208) [testng-7.10.2.jar:7.10.2]
	at org.testng.TestNG.runSuites(TestNG.java:1112) [testng-7.10.2.jar:7.10.2]
	at org.testng.TestNG.run(TestNG.java:1079) [testng-7.10.2.jar:7.10.2]
	at org.testng.remote.AbstractRemoteTestNG.run(AbstractRemoteTestNG.java:115) [testng-remote.jar:?]
	at org.testng.remote.RemoteTestNG.initAndRun(RemoteTestNG.java:293) [testng-remote.jar:?]
	at org.testng.remote.RemoteTestNG.main(RemoteTestNG.java:91) [testng-remote.jar:?]
[INFO ] 2025-02-06 15:35:20.941 [main] ProjectTests - Hovering over message icon
[ERROR] 2025-02-06 15:35:20.941 [main] ProjectTests - An error occured while checking tooltip for message icon
java.lang.NullPointerException: Cannot invoke "org.openqa.selenium.SearchContext.findElement(org.openqa.selenium.By)" because "this.searchContext" is null
	at org.openqa.selenium.support.pagefactory.DefaultElementLocator.findElement(DefaultElementLocator.java:68) ~[selenium-support-4.27.0.jar:?]
	at org.openqa.selenium.support.pagefactory.internal.LocatingElementHandler.invoke(LocatingElementHandler.java:38) ~[selenium-support-4.27.0.jar:?]
	at jdk.proxy2/jdk.proxy2.$Proxy29.click(Unknown Source) ~[?:?]
	at testcases.ProjectTests.AECP_ProjectManager_Project_TC009(ProjectTests.java:109) ~[test-classes/:?]
	at java.base/jdk.internal.reflect.DirectMethodHandleAccessor.invoke(DirectMethodHandleAccessor.java:104) ~[?:?]
	at java.base/java.lang.reflect.Method.invoke(Method.java:577) ~[?:?]
	at org.testng.internal.invokers.MethodInvocationHelper.invokeMethod(MethodInvocationHelper.java:141) ~[testng-7.10.2.jar:7.10.2]
	at org.testng.internal.invokers.TestInvoker.invokeMethod(TestInvoker.java:686) ~[testng-7.10.2.jar:7.10.2]
	at org.testng.internal.invokers.TestInvoker.invokeTestMethod(TestInvoker.java:230) ~[testng-7.10.2.jar:7.10.2]
	at org.testng.internal.invokers.MethodRunner.runInSequence(MethodRunner.java:63) ~[testng-7.10.2.jar:7.10.2]
	at org.testng.internal.invokers.TestInvoker$MethodInvocationAgent.invoke(TestInvoker.java:992) ~[testng-7.10.2.jar:7.10.2]
	at org.testng.internal.invokers.TestInvoker.invokeTestMethods(TestInvoker.java:203) ~[testng-7.10.2.jar:7.10.2]
	at org.testng.internal.invokers.TestMethodWorker.invokeTestMethods(TestMethodWorker.java:154) ~[testng-7.10.2.jar:7.10.2]
	at org.testng.internal.invokers.TestMethodWorker.run(TestMethodWorker.java:134) ~[testng-7.10.2.jar:7.10.2]
	at java.base/java.util.ArrayList.forEach(ArrayList.java:1511) [?:?]
	at org.testng.TestRunner.privateRun(TestRunner.java:739) [testng-7.10.2.jar:7.10.2]
	at org.testng.TestRunner.run(TestRunner.java:614) [testng-7.10.2.jar:7.10.2]
	at org.testng.SuiteRunner.runTest(SuiteRunner.java:421) [testng-7.10.2.jar:7.10.2]
	at org.testng.SuiteRunner.runSequentially(SuiteRunner.java:413) [testng-7.10.2.jar:7.10.2]
	at org.testng.SuiteRunner.privateRun(SuiteRunner.java:373) [testng-7.10.2.jar:7.10.2]
	at org.testng.SuiteRunner.run(SuiteRunner.java:312) [testng-7.10.2.jar:7.10.2]
	at org.testng.SuiteRunnerWorker.runSuite(SuiteRunnerWorker.java:52) [testng-7.10.2.jar:7.10.2]
	at org.testng.SuiteRunnerWorker.run(SuiteRunnerWorker.java:95) [testng-7.10.2.jar:7.10.2]
	at org.testng.TestNG.runSuitesSequentially(TestNG.java:1274) [testng-7.10.2.jar:7.10.2]
	at org.testng.TestNG.runSuitesLocally(TestNG.java:1208) [testng-7.10.2.jar:7.10.2]
	at org.testng.TestNG.runSuites(TestNG.java:1112) [testng-7.10.2.jar:7.10.2]
	at org.testng.TestNG.run(TestNG.java:1079) [testng-7.10.2.jar:7.10.2]
	at org.testng.remote.AbstractRemoteTestNG.run(AbstractRemoteTestNG.java:115) [testng-remote.jar:?]
	at org.testng.remote.RemoteTestNG.initAndRun(RemoteTestNG.java:293) [testng-remote.jar:?]
	at org.testng.remote.RemoteTestNG.main(RemoteTestNG.java:91) [testng-remote.jar:?]
[INFO ] 2025-02-06 15:35:30.600 [main] ProjectTests - Verify search field displays valid result 
[ERROR] 2025-02-06 15:35:30.600 [main] ProjectTests - An error occured while checking searchfield functionality for valid results
java.lang.NullPointerException: Cannot invoke "org.openqa.selenium.SearchContext.findElement(org.openqa.selenium.By)" because "this.searchContext" is null
	at org.openqa.selenium.support.pagefactory.DefaultElementLocator.findElement(DefaultElementLocator.java:68) ~[selenium-support-4.27.0.jar:?]
	at org.openqa.selenium.support.pagefactory.internal.LocatingElementHandler.invoke(LocatingElementHandler.java:38) ~[selenium-support-4.27.0.jar:?]
	at jdk.proxy2/jdk.proxy2.$Proxy29.click(Unknown Source) ~[?:?]
	at testcases.ProjectTests.AECP_ProjectManager_Project_TC015(ProjectTests.java:126) ~[test-classes/:?]
	at java.base/jdk.internal.reflect.DirectMethodHandleAccessor.invoke(DirectMethodHandleAccessor.java:104) ~[?:?]
	at java.base/java.lang.reflect.Method.invoke(Method.java:577) ~[?:?]
	at org.testng.internal.invokers.MethodInvocationHelper.invokeMethod(MethodInvocationHelper.java:141) ~[testng-7.10.2.jar:7.10.2]
	at org.testng.internal.invokers.TestInvoker.invokeMethod(TestInvoker.java:686) ~[testng-7.10.2.jar:7.10.2]
	at org.testng.internal.invokers.TestInvoker.invokeTestMethod(TestInvoker.java:230) ~[testng-7.10.2.jar:7.10.2]
	at org.testng.internal.invokers.MethodRunner.runInSequence(MethodRunner.java:63) ~[testng-7.10.2.jar:7.10.2]
	at org.testng.internal.invokers.TestInvoker$MethodInvocationAgent.invoke(TestInvoker.java:992) ~[testng-7.10.2.jar:7.10.2]
	at org.testng.internal.invokers.TestInvoker.invokeTestMethods(TestInvoker.java:203) ~[testng-7.10.2.jar:7.10.2]
	at org.testng.internal.invokers.TestMethodWorker.invokeTestMethods(TestMethodWorker.java:154) ~[testng-7.10.2.jar:7.10.2]
	at org.testng.internal.invokers.TestMethodWorker.run(TestMethodWorker.java:134) ~[testng-7.10.2.jar:7.10.2]
	at java.base/java.util.ArrayList.forEach(ArrayList.java:1511) [?:?]
	at org.testng.TestRunner.privateRun(TestRunner.java:739) [testng-7.10.2.jar:7.10.2]
	at org.testng.TestRunner.run(TestRunner.java:614) [testng-7.10.2.jar:7.10.2]
	at org.testng.SuiteRunner.runTest(SuiteRunner.java:421) [testng-7.10.2.jar:7.10.2]
	at org.testng.SuiteRunner.runSequentially(SuiteRunner.java:413) [testng-7.10.2.jar:7.10.2]
	at org.testng.SuiteRunner.privateRun(SuiteRunner.java:373) [testng-7.10.2.jar:7.10.2]
	at org.testng.SuiteRunner.run(SuiteRunner.java:312) [testng-7.10.2.jar:7.10.2]
	at org.testng.SuiteRunnerWorker.runSuite(SuiteRunnerWorker.java:52) [testng-7.10.2.jar:7.10.2]
	at org.testng.SuiteRunnerWorker.run(SuiteRunnerWorker.java:95) [testng-7.10.2.jar:7.10.2]
	at org.testng.TestNG.runSuitesSequentially(TestNG.java:1274) [testng-7.10.2.jar:7.10.2]
	at org.testng.TestNG.runSuitesLocally(TestNG.java:1208) [testng-7.10.2.jar:7.10.2]
	at org.testng.TestNG.runSuites(TestNG.java:1112) [testng-7.10.2.jar:7.10.2]
	at org.testng.TestNG.run(TestNG.java:1079) [testng-7.10.2.jar:7.10.2]
	at org.testng.remote.AbstractRemoteTestNG.run(AbstractRemoteTestNG.java:115) [testng-remote.jar:?]
	at org.testng.remote.RemoteTestNG.initAndRun(RemoteTestNG.java:293) [testng-remote.jar:?]
	at org.testng.remote.RemoteTestNG.main(RemoteTestNG.java:91) [testng-remote.jar:?]
[INFO ] 2025-02-06 15:35:53.500 [main] TaskTests - Verifying page title
[INFO ] 2025-02-06 15:47:40.479 [main] LoginTests - Fetched the actual title: AECP
[INFO ] 2025-02-06 15:47:40.480 [main] LoginTests - actual title matches with expected title
[INFO ] 2025-02-06 15:47:46.371 [main] LoginTests - Get the actual page header
[INFO ] 2025-02-06 15:47:46.371 [main] LoginTests - Actual header matches with actual header
[INFO ] 2025-02-06 15:47:55.733 [main] LoginTests - Login happened successfully
[INFO ] 2025-02-06 15:47:55.741 [main] LoginTests - current url captured in a variable
[INFO ] 2025-02-06 15:47:55.741 [main] LoginTests - current url matches with the expected url - 'https://aecp.aecearth.io/project-admin/project-management/dashboard'
[INFO ] 2025-02-06 15:48:06.282 [main] LoginTests - Entered invalid login credentials
[INFO ] 2025-02-06 15:48:06.302 [main] LoginTests - URL does not changed login not happened with invalid credentials
[INFO ] 2025-02-06 15:48:15.841 [main] LoginTests - Entered invalid login credentials
[INFO ] 2025-02-06 15:48:15.851 [main] LoginTests - URL does not changed login not happened with invalid credentials
[INFO ] 2025-02-06 15:48:25.561 [main] LoginTests - Entered invalid login credentials
[INFO ] 2025-02-06 15:48:25.575 [main] LoginTests - URL does not changed login not happened with invalid credentials
[INFO ] 2025-02-06 15:48:42.244 [main] DashboardTests - Validating page load
[INFO ] 2025-02-06 15:48:42.260 [main] DashboardTests - Page loaded successfully with all content
[INFO ] 2025-02-06 15:48:51.943 [main] DashboardTests - Fetched the actual title: AECP
[INFO ] 2025-02-06 15:48:51.943 [main] DashboardTests - actual title matches with expected title
[INFO ] 2025-02-06 15:49:01.514 [main] DashboardTests - Verify logo
[INFO ] 2025-02-06 15:49:01.562 [main] DashboardTests - Logo is displayed in the page
[INFO ] 2025-02-06 15:49:11.153 [main] DashboardTests - Verify navigation links are working fine
[INFO ] 2025-02-06 15:49:21.086 [main] DashboardTests - Verify navigation links are working fine
[INFO ] 2025-02-06 15:49:38.315 [main] DashboardTests - Verify navigation links are working fine
[INFO ] 2025-02-06 15:49:54.766 [main] DashboardTests - Verify navigation links are working fine
[INFO ] 2025-02-06 15:50:04.771 [main] DashboardTests - Verify navigation links are working fine
[INFO ] 2025-02-06 15:50:14.381 [main] DashboardTests - Verify navigation links are working fine
[INFO ] 2025-02-06 15:50:24.037 [main] DashboardTests - Verify navigation links are working fine
[INFO ] 2025-02-06 15:50:39.610 [main] DashboardTests - Verify navigation links are working fine
[INFO ] 2025-02-06 15:50:49.998 [main] DashboardTests - Verify navigation links are working fine
[INFO ] 2025-02-06 15:50:59.854 [main] DashboardTests - Verify the next month button
[INFO ] 2025-02-06 15:51:00.005 [main] DashboardTests - Clicked on next month button
[INFO ] 2025-02-06 15:51:09.536 [main] DashboardTests - Verify the previous month button
[INFO ] 2025-02-06 15:51:09.665 [main] DashboardTests - Clicked on previous month button
[INFO ] 2025-02-06 15:51:19.335 [main] DashboardTests - Verify the next year button
[INFO ] 2025-02-06 15:51:19.486 [main] DashboardTests - Clicked on next year button
[INFO ] 2025-02-06 15:51:36.537 [main] DashboardTests - Verify the previous year button
[INFO ] 2025-02-06 15:51:36.661 [main] DashboardTests - Clicked on previous year button
[INFO ] 2025-02-06 15:51:51.919 [main] DashboardTests - Verify selecting a date from the calendar
[INFO ] 2025-02-06 15:51:52.090 [main] DashboardTests - date is selected
[INFO ] 2025-02-06 15:52:07.651 [main] DashboardTests - Verify logout functionality
[INFO ] 2025-02-06 15:52:07.651 [main] DashboardTests - logout method initialized
[INFO ] 2025-02-06 15:52:07.822 [main] DashboardTests - logged out successfully
[INFO ] 2025-02-06 15:52:17.854 [main] DashboardTests - Verify footer sticky
[INFO ] 2025-02-06 15:52:37.012 [main] ProjectTests - Verifying page title
[INFO ] 2025-02-06 15:52:46.339 [main] ProjectTests - Verify logo
[INFO ] 2025-02-06 15:52:56.047 [main] ProjectTests - Verify Footer Links are Working Correctly
[INFO ] 2025-02-06 15:53:08.703 [main] ProjectTests - Verify Footer is sticky
[INFO ] 2025-02-06 15:53:18.490 [main] ProjectTests - Hovering over message icon
[INFO ] 2025-02-06 15:53:29.999 [main] ProjectTests - Verify search field displays valid result 
[INFO ] 2025-02-06 15:53:50.349 [main] TaskTests - Verifying page title
[INFO ] 2025-02-06 16:06:06.977 [main] DashboardTests - Validating page load
