<?xml version="1.0" encoding="UTF-8"?>
<testng-results ignored="0" total="1" passed="1" failed="0" skipped="0">
  <reporter-output>
  </reporter-output>
  <suite started-at="2025-01-31T19:01:27 IST" name="Default suite" finished-at="2025-01-31T19:01:39 IST" duration-ms="11975">
    <groups>
    </groups>
    <test started-at="2025-01-31T19:01:27 IST" name="Default test" finished-at="2025-01-31T19:01:39 IST" duration-ms="11975">
      <class name="testcases.ProjectTests">
        <test-method is-config="true" signature="setup()[pri:0, instance:testcases.ProjectTests@488eb7f2]" started-at="2025-01-31T19:01:27 IST" name="setup" finished-at="2025-01-31T19:01:27 IST" duration-ms="164" status="PASS">
          <reporter-output>
          </reporter-output>
        </test-method> <!-- setup -->
        <test-method is-config="true" signature="setUp()[pri:0, instance:testcases.ProjectTests@488eb7f2]" started-at="2025-01-31T19:01:27 IST" name="setUp" finished-at="2025-01-31T19:01:36 IST" duration-ms="9327" status="PASS">
          <reporter-output>
          </reporter-output>
        </test-method> <!-- setUp -->
        <test-method signature="AECP_ProjectManager_Dashboard_TC004()[pri:3, instance:testcases.ProjectTests@488eb7f2]" started-at="2025-01-31T19:01:36 IST" name="AECP_ProjectManager_Dashboard_TC004" finished-at="2025-01-31T19:01:36 IST" duration-ms="268" status="PASS">
          <reporter-output>
          </reporter-output>
        </test-method> <!-- AECP_ProjectManager_Dashboard_TC004 -->
        <test-method is-config="true" signature="tearDown()[pri:0, instance:testcases.ProjectTests@488eb7f2]" started-at="2025-01-31T19:01:36 IST" name="tearDown" finished-at="2025-01-31T19:01:38 IST" duration-ms="1446" status="PASS">
          <reporter-output>
          </reporter-output>
        </test-method> <!-- tearDown -->
        <test-method is-config="true" signature="teardown()[pri:0, instance:testcases.ProjectTests@488eb7f2]" started-at="2025-01-31T19:01:38 IST" name="teardown" finished-at="2025-01-31T19:01:39 IST" duration-ms="724" status="PASS">
          <reporter-output>
          </reporter-output>
        </test-method> <!-- teardown -->
      </class> <!-- testcases.ProjectTests -->
    </test> <!-- Default test -->
  </suite> <!-- Default suite -->
</testng-results>
