<?xml version="1.0" encoding="UTF-8"?>
<testng-results ignored="0" total="1" passed="0" failed="1" skipped="0">
  <reporter-output>
  </reporter-output>
  <suite started-at="2025-02-06T16:05:55 IST" name="Default suite" finished-at="2025-02-06T16:06:08 IST" duration-ms="12878">
    <groups>
    </groups>
    <test started-at="2025-02-06T16:05:55 IST" name="Default test" finished-at="2025-02-06T16:06:08 IST" duration-ms="12878">
      <class name="testcases.DashboardTests">
        <test-method is-config="true" signature="setup()[pri:0, instance:testcases.DashboardTests@3dd1dc90]" started-at="2025-02-06T16:05:55 IST" name="setup" finished-at="2025-02-06T16:05:55 IST" duration-ms="158" status="PASS">
          <reporter-output>
          </reporter-output>
        </test-method> <!-- setup -->
        <test-method is-config="true" signature="setUp()[pri:0, instance:testcases.DashboardTests@3dd1dc90]" started-at="2025-02-06T16:05:55 IST" name="setUp" finished-at="2025-02-06T16:06:06 IST" duration-ms="11010" status="PASS">
          <reporter-output>
          </reporter-output>
        </test-method> <!-- setUp -->
        <test-method signature="AECP_ProjectManager_Dashboard_TC001()[pri:1, instance:testcases.DashboardTests@3dd1dc90]" started-at="2025-02-06T16:06:06 IST" name="AECP_ProjectManager_Dashboard_TC001" finished-at="2025-02-06T16:06:06 IST" duration-ms="8" status="FAIL">
          <exception class="java.lang.NullPointerException">
            <message>
              <![CDATA[Cannot invoke "Object.getClass()" because "testcases.DashboardTests.test" is null]]>
            </message>
            <full-stacktrace>
              <![CDATA[java.lang.NullPointerException: Cannot invoke "Object.getClass()" because "testcases.DashboardTests.test" is null
at testcases.DashboardTests.AECP_ProjectManager_Dashboard_TC001(DashboardTests.java:23)
at java.base/jdk.internal.reflect.DirectMethodHandleAccessor.invoke(DirectMethodHandleAccessor.java:104)
at java.base/java.lang.reflect.Method.invoke(Method.java:577)
at org.testng.internal.invokers.MethodInvocationHelper.invokeMethod(MethodInvocationHelper.java:141)
at org.testng.internal.invokers.TestInvoker.invokeMethod(TestInvoker.java:686)
at org.testng.internal.invokers.TestInvoker.invokeTestMethod(TestInvoker.java:230)
at org.testng.internal.invokers.MethodRunner.runInSequence(MethodRunner.java:63)
at org.testng.internal.invokers.TestInvoker$MethodInvocationAgent.invoke(TestInvoker.java:992)
at org.testng.internal.invokers.TestInvoker.invokeTestMethods(TestInvoker.java:203)
at org.testng.internal.invokers.TestMethodWorker.invokeTestMethods(TestMethodWorker.java:154)
at org.testng.internal.invokers.TestMethodWorker.run(TestMethodWorker.java:134)
at java.base/java.util.ArrayList.forEach(ArrayList.java:1511)
at org.testng.TestRunner.privateRun(TestRunner.java:739)
at org.testng.TestRunner.run(TestRunner.java:614)
at org.testng.SuiteRunner.runTest(SuiteRunner.java:421)
at org.testng.SuiteRunner.runSequentially(SuiteRunner.java:413)
at org.testng.SuiteRunner.privateRun(SuiteRunner.java:373)
at org.testng.SuiteRunner.run(SuiteRunner.java:312)
at org.testng.SuiteRunnerWorker.runSuite(SuiteRunnerWorker.java:52)
at org.testng.SuiteRunnerWorker.run(SuiteRunnerWorker.java:95)
at org.testng.TestNG.runSuitesSequentially(TestNG.java:1274)
at org.testng.TestNG.runSuitesLocally(TestNG.java:1208)
at org.testng.TestNG.runSuites(TestNG.java:1112)
at org.testng.TestNG.run(TestNG.java:1079)
at org.testng.remote.AbstractRemoteTestNG.run(AbstractRemoteTestNG.java:115)
at org.testng.remote.RemoteTestNG.initAndRun(RemoteTestNG.java:293)
at org.testng.remote.RemoteTestNG.main(RemoteTestNG.java:91)
]]>
            </full-stacktrace>
          </exception> <!-- java.lang.NullPointerException -->
          <reporter-output>
          </reporter-output>
        </test-method> <!-- AECP_ProjectManager_Dashboard_TC001 -->
        <test-method is-config="true" signature="tearDown()[pri:0, instance:testcases.DashboardTests@3dd1dc90]" started-at="2025-02-06T16:06:06 IST" name="tearDown" finished-at="2025-02-06T16:06:08 IST" duration-ms="1360" status="PASS">
          <reporter-output>
          </reporter-output>
        </test-method> <!-- tearDown -->
        <test-method is-config="true" signature="teardown()[pri:0, instance:testcases.DashboardTests@3dd1dc90]" started-at="2025-02-06T16:06:08 IST" name="teardown" finished-at="2025-02-06T16:06:08 IST" duration-ms="302" status="PASS">
          <reporter-output>
          </reporter-output>
        </test-method> <!-- teardown -->
      </class> <!-- testcases.DashboardTests -->
    </test> <!-- Default test -->
  </suite> <!-- Default suite -->
</testng-results>
