<?xml version="1.0" encoding="UTF-8"?>
<testng-results ignored="0" total="9" passed="9" failed="0" skipped="0">
  <reporter-output>
  </reporter-output>
  <suite started-at="2025-01-28T13:19:15 IST" name="Default suite" finished-at="2025-01-28T13:20:47 IST" duration-ms="91836">
    <groups>
    </groups>
    <test started-at="2025-01-28T13:19:15 IST" name="Default test" finished-at="2025-01-28T13:20:47 IST" duration-ms="91836">
      <class name="testcases.DashbaordTests">
        <test-method is-config="true" signature="setup()[pri:0, instance:testcases.DashbaordTests@1021f6c9]" started-at="2025-01-28T13:19:15 IST" name="setup" finished-at="2025-01-28T13:19:16 IST" duration-ms="374" status="PASS">
          <reporter-output>
          </reporter-output>
        </test-method> <!-- setup -->
        <test-method is-config="true" signature="setUp()[pri:0, instance:testcases.DashbaordTests@1021f6c9]" started-at="2025-01-28T13:19:17 IST" name="setUp" finished-at="2025-01-28T13:19:27 IST" duration-ms="9850" status="PASS">
          <reporter-output>
          </reporter-output>
        </test-method> <!-- setUp -->
        <test-method signature="AECP_ProjectManager_Dashboard_TC008(java.lang.String)[pri:4, instance:testcases.DashbaordTests@1021f6c9]" started-at="2025-01-28T13:19:27 IST" name="AECP_ProjectManager_Dashboard_TC008" data-provider="DashboardNavigation" finished-at="2025-01-28T13:19:27 IST" duration-ms="245" status="PASS">
          <params>
            <param index="0">
              <value>
                <![CDATA[Dashboard]]>
              </value>
            </param>
          </params>
          <reporter-output>
          </reporter-output>
        </test-method> <!-- AECP_ProjectManager_Dashboard_TC008 -->
        <test-method is-config="true" signature="tearDown()[pri:0, instance:testcases.DashbaordTests@1021f6c9]" started-at="2025-01-28T13:19:27 IST" name="tearDown" finished-at="2025-01-28T13:19:28 IST" duration-ms="1536" status="PASS">
          <reporter-output>
          </reporter-output>
        </test-method> <!-- tearDown -->
        <test-method is-config="true" signature="setUp()[pri:0, instance:testcases.DashbaordTests@1021f6c9]" started-at="2025-01-28T13:19:28 IST" name="setUp" finished-at="2025-01-28T13:19:37 IST" duration-ms="8166" status="PASS">
          <reporter-output>
          </reporter-output>
        </test-method> <!-- setUp -->
        <test-method signature="AECP_ProjectManager_Dashboard_TC008(java.lang.String)[pri:4, instance:testcases.DashbaordTests@1021f6c9]" started-at="2025-01-28T13:19:37 IST" name="AECP_ProjectManager_Dashboard_TC008" data-provider="DashboardNavigation" finished-at="2025-01-28T13:19:37 IST" duration-ms="227" status="PASS">
          <params>
            <param index="0">
              <value>
                <![CDATA[Project]]>
              </value>
            </param>
          </params>
          <reporter-output>
          </reporter-output>
        </test-method> <!-- AECP_ProjectManager_Dashboard_TC008 -->
        <test-method is-config="true" signature="tearDown()[pri:0, instance:testcases.DashbaordTests@1021f6c9]" started-at="2025-01-28T13:19:37 IST" name="tearDown" finished-at="2025-01-28T13:19:38 IST" duration-ms="1393" status="PASS">
          <reporter-output>
          </reporter-output>
        </test-method> <!-- tearDown -->
        <test-method is-config="true" signature="setUp()[pri:0, instance:testcases.DashbaordTests@1021f6c9]" started-at="2025-01-28T13:19:38 IST" name="setUp" finished-at="2025-01-28T13:19:46 IST" duration-ms="8043" status="PASS">
          <reporter-output>
          </reporter-output>
        </test-method> <!-- setUp -->
        <test-method signature="AECP_ProjectManager_Dashboard_TC008(java.lang.String)[pri:4, instance:testcases.DashbaordTests@1021f6c9]" started-at="2025-01-28T13:19:46 IST" name="AECP_ProjectManager_Dashboard_TC008" data-provider="DashboardNavigation" finished-at="2025-01-28T13:19:46 IST" duration-ms="256" status="PASS">
          <params>
            <param index="0">
              <value>
                <![CDATA[Task]]>
              </value>
            </param>
          </params>
          <reporter-output>
          </reporter-output>
        </test-method> <!-- AECP_ProjectManager_Dashboard_TC008 -->
        <test-method is-config="true" signature="tearDown()[pri:0, instance:testcases.DashbaordTests@1021f6c9]" started-at="2025-01-28T13:19:46 IST" name="tearDown" finished-at="2025-01-28T13:19:48 IST" duration-ms="1412" status="PASS">
          <reporter-output>
          </reporter-output>
        </test-method> <!-- tearDown -->
        <test-method is-config="true" signature="setUp()[pri:0, instance:testcases.DashbaordTests@1021f6c9]" started-at="2025-01-28T13:19:48 IST" name="setUp" finished-at="2025-01-28T13:19:56 IST" duration-ms="8080" status="PASS">
          <reporter-output>
          </reporter-output>
        </test-method> <!-- setUp -->
        <test-method signature="AECP_ProjectManager_Dashboard_TC008(java.lang.String)[pri:4, instance:testcases.DashbaordTests@1021f6c9]" started-at="2025-01-28T13:19:56 IST" name="AECP_ProjectManager_Dashboard_TC008" data-provider="DashboardNavigation" finished-at="2025-01-28T13:19:56 IST" duration-ms="257" status="PASS">
          <params>
            <param index="0">
              <value>
                <![CDATA[Materials]]>
              </value>
            </param>
          </params>
          <reporter-output>
          </reporter-output>
        </test-method> <!-- AECP_ProjectManager_Dashboard_TC008 -->
        <test-method is-config="true" signature="tearDown()[pri:0, instance:testcases.DashbaordTests@1021f6c9]" started-at="2025-01-28T13:19:56 IST" name="tearDown" finished-at="2025-01-28T13:19:58 IST" duration-ms="1431" status="PASS">
          <reporter-output>
          </reporter-output>
        </test-method> <!-- tearDown -->
        <test-method is-config="true" signature="setUp()[pri:0, instance:testcases.DashbaordTests@1021f6c9]" started-at="2025-01-28T13:19:58 IST" name="setUp" finished-at="2025-01-28T13:20:05 IST" duration-ms="7827" status="PASS">
          <reporter-output>
          </reporter-output>
        </test-method> <!-- setUp -->
        <test-method signature="AECP_ProjectManager_Dashboard_TC008(java.lang.String)[pri:4, instance:testcases.DashbaordTests@1021f6c9]" started-at="2025-01-28T13:20:05 IST" name="AECP_ProjectManager_Dashboard_TC008" data-provider="DashboardNavigation" finished-at="2025-01-28T13:20:06 IST" duration-ms="182" status="PASS">
          <params>
            <param index="0">
              <value>
                <![CDATA[Engineer's]]>
              </value>
            </param>
          </params>
          <reporter-output>
          </reporter-output>
        </test-method> <!-- AECP_ProjectManager_Dashboard_TC008 -->
        <test-method is-config="true" signature="tearDown()[pri:0, instance:testcases.DashbaordTests@1021f6c9]" started-at="2025-01-28T13:20:06 IST" name="tearDown" finished-at="2025-01-28T13:20:07 IST" duration-ms="1383" status="PASS">
          <reporter-output>
          </reporter-output>
        </test-method> <!-- tearDown -->
        <test-method is-config="true" signature="setUp()[pri:0, instance:testcases.DashbaordTests@1021f6c9]" started-at="2025-01-28T13:20:07 IST" name="setUp" finished-at="2025-01-28T13:20:15 IST" duration-ms="8000" status="PASS">
          <reporter-output>
          </reporter-output>
        </test-method> <!-- setUp -->
        <test-method signature="AECP_ProjectManager_Dashboard_TC008(java.lang.String)[pri:4, instance:testcases.DashbaordTests@1021f6c9]" started-at="2025-01-28T13:20:15 IST" name="AECP_ProjectManager_Dashboard_TC008" data-provider="DashboardNavigation" finished-at="2025-01-28T13:20:15 IST" duration-ms="276" status="PASS">
          <params>
            <param index="0">
              <value>
                <![CDATA[Budget]]>
              </value>
            </param>
          </params>
          <reporter-output>
          </reporter-output>
        </test-method> <!-- AECP_ProjectManager_Dashboard_TC008 -->
        <test-method is-config="true" signature="tearDown()[pri:0, instance:testcases.DashbaordTests@1021f6c9]" started-at="2025-01-28T13:20:15 IST" name="tearDown" finished-at="2025-01-28T13:20:17 IST" duration-ms="1439" status="PASS">
          <reporter-output>
          </reporter-output>
        </test-method> <!-- tearDown -->
        <test-method is-config="true" signature="setUp()[pri:0, instance:testcases.DashbaordTests@1021f6c9]" started-at="2025-01-28T13:20:17 IST" name="setUp" finished-at="2025-01-28T13:20:25 IST" duration-ms="8055" status="PASS">
          <reporter-output>
          </reporter-output>
        </test-method> <!-- setUp -->
        <test-method signature="AECP_ProjectManager_Dashboard_TC008(java.lang.String)[pri:4, instance:testcases.DashbaordTests@1021f6c9]" started-at="2025-01-28T13:20:25 IST" name="AECP_ProjectManager_Dashboard_TC008" data-provider="DashboardNavigation" finished-at="2025-01-28T13:20:25 IST" duration-ms="261" status="PASS">
          <params>
            <param index="0">
              <value>
                <![CDATA[Leave Mangement]]>
              </value>
            </param>
          </params>
          <reporter-output>
          </reporter-output>
        </test-method> <!-- AECP_ProjectManager_Dashboard_TC008 -->
        <test-method is-config="true" signature="tearDown()[pri:0, instance:testcases.DashbaordTests@1021f6c9]" started-at="2025-01-28T13:20:25 IST" name="tearDown" finished-at="2025-01-28T13:20:26 IST" duration-ms="1389" status="PASS">
          <reporter-output>
          </reporter-output>
        </test-method> <!-- tearDown -->
        <test-method is-config="true" signature="setUp()[pri:0, instance:testcases.DashbaordTests@1021f6c9]" started-at="2025-01-28T13:20:26 IST" name="setUp" finished-at="2025-01-28T13:20:34 IST" duration-ms="7893" status="PASS">
          <reporter-output>
          </reporter-output>
        </test-method> <!-- setUp -->
        <test-method signature="AECP_ProjectManager_Dashboard_TC008(java.lang.String)[pri:4, instance:testcases.DashbaordTests@1021f6c9]" started-at="2025-01-28T13:20:34 IST" name="AECP_ProjectManager_Dashboard_TC008" data-provider="DashboardNavigation" finished-at="2025-01-28T13:20:35 IST" duration-ms="300" status="PASS">
          <params>
            <param index="0">
              <value>
                <![CDATA[Task Report]]>
              </value>
            </param>
          </params>
          <reporter-output>
          </reporter-output>
        </test-method> <!-- AECP_ProjectManager_Dashboard_TC008 -->
        <test-method is-config="true" signature="tearDown()[pri:0, instance:testcases.DashbaordTests@1021f6c9]" started-at="2025-01-28T13:20:35 IST" name="tearDown" finished-at="2025-01-28T13:20:36 IST" duration-ms="1546" status="PASS">
          <reporter-output>
          </reporter-output>
        </test-method> <!-- tearDown -->
        <test-method is-config="true" signature="setUp()[pri:0, instance:testcases.DashbaordTests@1021f6c9]" started-at="2025-01-28T13:20:36 IST" name="setUp" finished-at="2025-01-28T13:20:45 IST" duration-ms="8571" status="PASS">
          <reporter-output>
          </reporter-output>
        </test-method> <!-- setUp -->
        <test-method signature="AECP_ProjectManager_Dashboard_TC008(java.lang.String)[pri:4, instance:testcases.DashbaordTests@1021f6c9]" started-at="2025-01-28T13:20:45 IST" name="AECP_ProjectManager_Dashboard_TC008" data-provider="DashboardNavigation" finished-at="2025-01-28T13:20:45 IST" duration-ms="331" status="PASS">
          <params>
            <param index="0">
              <value>
                <![CDATA[Request Resource]]>
              </value>
            </param>
          </params>
          <reporter-output>
          </reporter-output>
        </test-method> <!-- AECP_ProjectManager_Dashboard_TC008 -->
        <test-method is-config="true" signature="tearDown()[pri:0, instance:testcases.DashbaordTests@1021f6c9]" started-at="2025-01-28T13:20:45 IST" name="tearDown" finished-at="2025-01-28T13:20:47 IST" duration-ms="1643" status="PASS">
          <reporter-output>
          </reporter-output>
        </test-method> <!-- tearDown -->
        <test-method is-config="true" signature="teardown()[pri:0, instance:testcases.DashbaordTests@1021f6c9]" started-at="2025-01-28T13:20:47 IST" name="teardown" finished-at="2025-01-28T13:20:47 IST" duration-ms="458" status="PASS">
          <reporter-output>
          </reporter-output>
        </test-method> <!-- teardown -->
      </class> <!-- testcases.DashbaordTests -->
    </test> <!-- Default test -->
  </suite> <!-- Default suite -->
</testng-results>
