<?xml version="1.0" encoding="UTF-8"?>
<testng-results ignored="0" total="1" passed="1" failed="0" skipped="0">
  <reporter-output>
  </reporter-output>
  <suite started-at="2025-02-01T13:22:02 IST" name="Default suite" finished-at="2025-02-01T13:22:16 IST" duration-ms="13381">
    <groups>
    </groups>
    <test started-at="2025-02-01T13:22:02 IST" name="Default test" finished-at="2025-02-01T13:22:16 IST" duration-ms="13381">
      <class name="testcases.ProjectTests">
        <test-method is-config="true" signature="setup()[pri:0, instance:testcases.ProjectTests@4189d70b]" started-at="2025-02-01T13:22:02 IST" name="setup" finished-at="2025-02-01T13:22:03 IST" duration-ms="170" status="PASS">
          <reporter-output>
          </reporter-output>
        </test-method> <!-- setup -->
        <test-method is-config="true" signature="setUp()[pri:0, instance:testcases.ProjectTests@4189d70b]" started-at="2025-02-01T13:22:03 IST" name="setUp" finished-at="2025-02-01T13:22:13 IST" duration-ms="10514" status="PASS">
          <reporter-output>
          </reporter-output>
        </test-method> <!-- setUp -->
        <test-method signature="AECP_ProjectManager_Project_TC015()[pri:7, instance:testcases.ProjectTests@4189d70b]" started-at="2025-02-01T13:22:13 IST" name="AECP_ProjectManager_Project_TC015" finished-at="2025-02-01T13:22:14 IST" duration-ms="952" status="PASS">
          <reporter-output>
          </reporter-output>
        </test-method> <!-- AECP_ProjectManager_Project_TC015 -->
        <test-method is-config="true" signature="tearDown()[pri:0, instance:testcases.ProjectTests@4189d70b]" started-at="2025-02-01T13:22:14 IST" name="tearDown" finished-at="2025-02-01T13:22:15 IST" duration-ms="1331" status="PASS">
          <reporter-output>
          </reporter-output>
        </test-method> <!-- tearDown -->
        <test-method is-config="true" signature="teardown()[pri:0, instance:testcases.ProjectTests@4189d70b]" started-at="2025-02-01T13:22:15 IST" name="teardown" finished-at="2025-02-01T13:22:16 IST" duration-ms="377" status="PASS">
          <reporter-output>
          </reporter-output>
        </test-method> <!-- teardown -->
      </class> <!-- testcases.ProjectTests -->
    </test> <!-- Default test -->
  </suite> <!-- Default suite -->
</testng-results>
