<?xml version="1.0" encoding="UTF-8"?>
<!-- Generated by org.testng.reporters.JUnitReportReporter -->
<testsuite hostname="LAPTOP-J7JVCU8O" failures="0" tests="6" name="testcases.LoginTests" time="90.341" errors="0" timestamp="2025-01-29T16:07:22 IST" skipped="0">
  <testcase classname="testcases.LoginTests" name="AECP_ProjectManager_Login_TC001" time="8.156"/>
  <testcase classname="testcases.LoginTests" name="AECP_ProjectManager_Login_TC002" time="19.259"/>
  <testcase classname="testcases.LoginTests" name="AECP_ProjectManager_Login_TC006" time="17.458"/>
  <testcase classname="testcases.LoginTests" name="AECP_ProjectManager_Login_TC007" time="14.038"/>
  <testcase classname="testcases.LoginTests" name="AECP_ProjectManager_Login_TC007" time="13.763"/>
  <testcase classname="testcases.LoginTests" name="AECP_ProjectManager_Login_TC007" time="17.667"/>
</testsuite> <!-- testcases.LoginTests -->
