<?xml version="1.0" encoding="UTF-8"?>
<!-- Generated by org.testng.reporters.JUnitReportReporter -->
<testsuite hostname="LAPTOP-J7JVCU8O" failures="1" tests="22" name="testcases.TaskTests" time="259.731" errors="0" timestamp="2025-02-04T13:38:56 IST" skipped="0">
  <testcase classname="testcases.TaskTests" name="AECP_ProjectManager_Task_TC001" time="8.886"/>
  <testcase classname="testcases.TaskTests" name="AECP_ProjectManager_Task_TC002" time="11.262"/>
  <testcase classname="testcases.TaskTests" name="AECP_ProjectManager_Task_TC004" time="9.335"/>
  <testcase classname="testcases.TaskTests" name="AECP_ProjectManager_Task_TC006" time="9.868"/>
  <testcase classname="testcases.TaskTests" name="AECP_ProjectManager_Task_TC009" time="9.671"/>
  <testcase classname="testcases.TaskTests" name="AECP_ProjectManager_Task_TC009" time="10.006"/>
  <testcase classname="testcases.TaskTests" name="AECP_ProjectManager_Task_TC009" time="12.231"/>
  <testcase classname="testcases.TaskTests" name="AECP_ProjectManager_Task_TC009" time="10.579"/>
  <testcase classname="testcases.TaskTests" name="AECP_ProjectManager_Task_TC009" time="9.673"/>
  <testcase classname="testcases.TaskTests" name="AECP_ProjectManager_Task_TC009" time="15.246"/>
  <testcase classname="testcases.TaskTests" name="AECP_ProjectManager_Task_TC009" time="10.514"/>
  <testcase classname="testcases.TaskTests" name="AECP_ProjectManager_Task_TC009" time="12.520"/>
  <testcase classname="testcases.TaskTests" name="AECP_ProjectManager_Task_TC009" time="12.949"/>
  <testcase classname="testcases.TaskTests" name="AECP_ProjectManager_Task_TC010" time="9.173"/>
  <testcase classname="testcases.TaskTests" name="AECP_ProjectManager_Task_TC011" time="9.605"/>
  <testcase classname="testcases.TaskTests" name="AECP_ProjectManager_Task_TC011" time="9.805"/>
  <testcase classname="testcases.TaskTests" name="AECP_ProjectManager_Task_TC011" time="35.905"/>
  <testcase classname="testcases.TaskTests" name="AECP_ProjectManager_Task_TC012" time="10.120"/>
  <testcase classname="testcases.TaskTests" name="AECP_ProjectManager_Task_TC018" time="10.870"/>
  <testcase classname="testcases.TaskTests" name="AECP_ProjectManager_Task_TC033" time="9.905"/>
  <testcase classname="testcases.TaskTests" name="AECP_ProjectManager_Task_TC034" time="10.822"/>
  <testcase classname="testcases.TaskTests" name="AECP_ProjectManager_Task_TC035" time="10.786">
    <failure message="expected [false] but found [true]" type="java.lang.AssertionError">
      <![CDATA[java.lang.AssertionError: expected [false] but found [true]
at org.testng.Assert.fail(Assert.java:111)
at org.testng.Assert.failNotEquals(Assert.java:1578)
at org.testng.Assert.assertFalse(Assert.java:79)
at org.testng.Assert.assertFalse(Assert.java:89)
at pages.TaskPage.deleteTask(TaskPage.java:152)
at testcases.TaskTests.AECP_ProjectManager_Task_TC035(TaskTests.java:223)
at java.base/jdk.internal.reflect.DirectMethodHandleAccessor.invoke(DirectMethodHandleAccessor.java:104)
at java.base/java.lang.reflect.Method.invoke(Method.java:577)
at org.testng.internal.invokers.MethodInvocationHelper.invokeMethod(MethodInvocationHelper.java:141)
at org.testng.internal.invokers.TestInvoker.invokeMethod(TestInvoker.java:686)
at org.testng.internal.invokers.TestInvoker.invokeTestMethod(TestInvoker.java:230)
at org.testng.internal.invokers.MethodRunner.runInSequence(MethodRunner.java:63)
at org.testng.internal.invokers.TestInvoker$MethodInvocationAgent.invoke(TestInvoker.java:992)
at org.testng.internal.invokers.TestInvoker.invokeTestMethods(TestInvoker.java:203)
at org.testng.internal.invokers.TestMethodWorker.invokeTestMethods(TestMethodWorker.java:154)
at org.testng.internal.invokers.TestMethodWorker.run(TestMethodWorker.java:134)
at java.base/java.util.ArrayList.forEach(ArrayList.java:1511)
at org.testng.TestRunner.privateRun(TestRunner.java:739)
at org.testng.TestRunner.run(TestRunner.java:614)
at org.testng.SuiteRunner.runTest(SuiteRunner.java:421)
at org.testng.SuiteRunner.runSequentially(SuiteRunner.java:413)
at org.testng.SuiteRunner.privateRun(SuiteRunner.java:373)
at org.testng.SuiteRunner.run(SuiteRunner.java:312)
at org.testng.SuiteRunnerWorker.runSuite(SuiteRunnerWorker.java:52)
at org.testng.SuiteRunnerWorker.run(SuiteRunnerWorker.java:95)
at org.testng.TestNG.runSuitesSequentially(TestNG.java:1274)
at org.testng.TestNG.runSuitesLocally(TestNG.java:1208)
at org.testng.TestNG.runSuites(TestNG.java:1112)
at org.testng.TestNG.run(TestNG.java:1079)
at org.testng.remote.AbstractRemoteTestNG.run(AbstractRemoteTestNG.java:115)
at org.testng.remote.RemoteTestNG.initAndRun(RemoteTestNG.java:293)
at org.testng.remote.RemoteTestNG.main(RemoteTestNG.java:91)
]]>
    </failure>
  </testcase> <!-- AECP_ProjectManager_Task_TC035 -->
</testsuite> <!-- testcases.TaskTests -->
