<?xml version="1.0" encoding="UTF-8"?>
<!-- Generated by org.testng.reporters.JUnitReportReporter -->
<testsuite hostname="LAPTOP-J7JVCU8O" failures="0" tests="7" name="testcases.LoginTests" time="56.974" errors="0" timestamp="2025-02-06T16:00:07 IST" skipped="0">
  <testcase classname="testcases.LoginTests" name="AECP_ProjectManager_Login_TC001" time="8.517"/>
  <testcase classname="testcases.LoginTests" name="AECP_ProjectManager_Login_TC002" time="3.951"/>
  <testcase classname="testcases.LoginTests" name="AECP_ProjectManager_Login_TC003" time="5.836"/>
  <testcase classname="testcases.LoginTests" name="AECP_ProjectManager_Login_TC006" time="9.557"/>
  <testcase classname="testcases.LoginTests" name="AECP_ProjectManager_Login_TC007" time="9.340"/>
  <testcase classname="testcases.LoginTests" name="AECP_ProjectManager_Login_TC007" time="9.992"/>
  <testcase classname="testcases.LoginTests" name="AECP_ProjectManager_Login_TC007" time="9.781"/>
</testsuite> <!-- testcases.LoginTests -->
