<?xml version="1.0" encoding="UTF-8"?>
<!-- Generated by org.testng.reporters.JUnitReportReporter -->
<testsuite hostname="LAPTOP-J7JVCU8O" failures="0" tests="7" name="testcases.EngineerTests" time="70.583" errors="0" timestamp="2025-02-06T16:00:07 IST" skipped="0">
  <testcase classname="testcases.EngineerTests" name="AECP_ProjectManager_Engineers_TC001" time="9.346"/>
  <testcase classname="testcases.EngineerTests" name="AECP_ProjectManager_Engineers_TC002" time="9.285"/>
  <testcase classname="testcases.EngineerTests" name="AECP_ProjectManager_Engineers_TC003" time="8.878"/>
  <testcase classname="testcases.EngineerTests" name="AECP_ProjectManager_Engineers_TC004" time="11.394"/>
  <testcase classname="testcases.EngineerTests" name="AECP_ProjectManager_Engineers_TC005" time="11.490"/>
  <testcase classname="testcases.EngineerTests" name="AECP_ProjectManager_Engineers_TC006" time="11.014"/>
  <testcase classname="testcases.EngineerTests" name="AECP_ProjectManager_Engineers_TC018" time="9.176"/>
</testsuite> <!-- testcases.EngineerTests -->
