<?xml version="1.0" encoding="UTF-8"?>
<!-- Generated by org.testng.reporters.JUnitReportReporter -->
<testsuite hostname="LAPTOP-J7JVCU8O" failures="0" tests="19" name="testcases.DashboardTests" time="220.317" errors="0" timestamp="2025-02-01T12:54:03 IST" skipped="0">
  <testcase classname="testcases.DashboardTests" name="AECP_ProjectManager_Dashboard_TC001" time="10.612"/>
  <testcase classname="testcases.DashboardTests" name="AECP_ProjectManager_Dashboard_TC002" time="11.684"/>
  <testcase classname="testcases.DashboardTests" name="AECP_ProjectManager_Dashboard_TC004" time="12.534"/>
  <testcase classname="testcases.DashboardTests" name="AECP_ProjectManager_Dashboard_TC008" time="10.947"/>
  <testcase classname="testcases.DashboardTests" name="AECP_ProjectManager_Dashboard_TC008" time="12.895"/>
  <testcase classname="testcases.DashboardTests" name="AECP_ProjectManager_Dashboard_TC008" time="10.922"/>
  <testcase classname="testcases.DashboardTests" name="AECP_ProjectManager_Dashboard_TC008" time="11.691"/>
  <testcase classname="testcases.DashboardTests" name="AECP_ProjectManager_Dashboard_TC008" time="10.706"/>
  <testcase classname="testcases.DashboardTests" name="AECP_ProjectManager_Dashboard_TC008" time="12.338"/>
  <testcase classname="testcases.DashboardTests" name="AECP_ProjectManager_Dashboard_TC008" time="10.871"/>
  <testcase classname="testcases.DashboardTests" name="AECP_ProjectManager_Dashboard_TC008" time="11.434"/>
  <testcase classname="testcases.DashboardTests" name="AECP_ProjectManager_Dashboard_TC008" time="10.828"/>
  <testcase classname="testcases.DashboardTests" name="AECP_ProjectManager_Dashboard_TC016" time="10.854"/>
  <testcase classname="testcases.DashboardTests" name="AECP_ProjectManager_Dashboard_TC017" time="12.412"/>
  <testcase classname="testcases.DashboardTests" name="AECP_ProjectManager_Dashboard_TC018" time="10.529"/>
  <testcase classname="testcases.DashboardTests" name="AECP_ProjectManager_Dashboard_TC019" time="12.499"/>
  <testcase classname="testcases.DashboardTests" name="AECP_ProjectManager_Dashboard_TC020" time="11.349"/>
  <testcase classname="testcases.DashboardTests" name="AECP_ProjectManager_Dashboard_TC015" time="10.953"/>
  <testcase classname="testcases.DashboardTests" name="AECP_ProjectManager_Dashboard_TC021" time="14.259"/>
</testsuite> <!-- testcases.DashboardTests -->
