<?xml version="1.0" encoding="UTF-8"?>
<!-- Generated by org.testng.reporters.JUnitReportReporter -->
<testsuite hostname="LAPTOP-J7JVCU8O" failures="0" tests="7" name="testcases.ProjectTests" time="71.301" errors="0" timestamp="2025-02-04T13:38:56 IST" skipped="0">
  <testcase classname="testcases.ProjectTests" name="AECP_ProjectManager_Project_TC001" time="9.741"/>
  <testcase classname="testcases.ProjectTests" name="AECP_ProjectManager_Project_TC002" time="9.825"/>
  <testcase classname="testcases.ProjectTests" name="AECP_ProjectManager_Dashboard_TC004" time="9.314"/>
  <testcase classname="testcases.ProjectTests" name="AECP_ProjectManager_Project_TC005" time="12.143"/>
  <testcase classname="testcases.ProjectTests" name="AECP_ProjectManager_Project_TC006" time="9.529"/>
  <testcase classname="testcases.ProjectTests" name="AECP_ProjectManager_Project_TC009" time="10.517"/>
  <testcase classname="testcases.ProjectTests" name="AECP_ProjectManager_Project_TC015" time="10.232"/>
</testsuite> <!-- testcases.ProjectTests -->
