<?xml version="1.0" encoding="UTF-8"?>
<!-- Generated by org.testng.reporters.JUnitReportReporter -->
<testsuite hostname="LAPTOP-J7JVCU8O" failures="0" tests="7" name="testcases.MaterialTests" time="72.211" errors="0" timestamp="2025-02-06T16:00:07 IST" skipped="0">
  <testcase classname="testcases.MaterialTests" name="AECP_ProjectManager_Materials_TC001" time="9.586"/>
  <testcase classname="testcases.MaterialTests" name="AECP_ProjectManager_Materials_TC002" time="11.718"/>
  <testcase classname="testcases.MaterialTests" name="AECP_ProjectManager_Materials_TC003" time="8.870"/>
  <testcase classname="testcases.MaterialTests" name="AECP_ProjectManager_Materials_TC004" time="9.583"/>
  <testcase classname="testcases.MaterialTests" name="AECP_ProjectManager_Materials_TC005" time="11.689"/>
  <testcase classname="testcases.MaterialTests" name="AECP_ProjectManager_Materials_TC006" time="9.823"/>
  <testcase classname="testcases.MaterialTests" name="AECP_ProjectManager_Materials_TC017" time="10.942"/>
</testsuite> <!-- testcases.MaterialTests -->
