<?xml version="1.0" encoding="UTF-8"?>
<!-- Generated by org.testng.reporters.JUnitReportReporter -->
<testsuite hostname="LAPTOP-J7JVCU8O" failures="0" tests="19" name="testcases.DashboardTests" time="202.014" errors="0" timestamp="2025-02-04T13:38:56 IST" skipped="0">
  <testcase classname="testcases.DashboardTests" name="AECP_ProjectManager_Dashboard_TC001" time="10.804"/>
  <testcase classname="testcases.DashboardTests" name="AECP_ProjectManager_Dashboard_TC002" time="11.392"/>
  <testcase classname="testcases.DashboardTests" name="AECP_ProjectManager_Dashboard_TC004" time="11.445"/>
  <testcase classname="testcases.DashboardTests" name="AECP_ProjectManager_Dashboard_TC008" time="9.422"/>
  <testcase classname="testcases.DashboardTests" name="AECP_ProjectManager_Dashboard_TC008" time="13.887"/>
  <testcase classname="testcases.DashboardTests" name="AECP_ProjectManager_Dashboard_TC008" time="10.775"/>
  <testcase classname="testcases.DashboardTests" name="AECP_ProjectManager_Dashboard_TC008" time="12.102"/>
  <testcase classname="testcases.DashboardTests" name="AECP_ProjectManager_Dashboard_TC008" time="9.740"/>
  <testcase classname="testcases.DashboardTests" name="AECP_ProjectManager_Dashboard_TC008" time="9.502"/>
  <testcase classname="testcases.DashboardTests" name="AECP_ProjectManager_Dashboard_TC008" time="9.206"/>
  <testcase classname="testcases.DashboardTests" name="AECP_ProjectManager_Dashboard_TC008" time="10.237"/>
  <testcase classname="testcases.DashboardTests" name="AECP_ProjectManager_Dashboard_TC008" time="11.436"/>
  <testcase classname="testcases.DashboardTests" name="AECP_ProjectManager_Dashboard_TC016" time="11.065"/>
  <testcase classname="testcases.DashboardTests" name="AECP_ProjectManager_Dashboard_TC017" time="9.528"/>
  <testcase classname="testcases.DashboardTests" name="AECP_ProjectManager_Dashboard_TC018" time="9.686"/>
  <testcase classname="testcases.DashboardTests" name="AECP_ProjectManager_Dashboard_TC019" time="11.532"/>
  <testcase classname="testcases.DashboardTests" name="AECP_ProjectManager_Dashboard_TC020" time="9.937"/>
  <testcase classname="testcases.DashboardTests" name="AECP_ProjectManager_Dashboard_TC015" time="9.850"/>
  <testcase classname="testcases.DashboardTests" name="AECP_ProjectManager_Dashboard_TC021" time="10.468"/>
</testsuite> <!-- testcases.DashboardTests -->
