<?xml version="1.0" encoding="UTF-8"?>
<!-- Generated by org.testng.reporters.JUnitReportReporter -->
<testsuite hostname="LAPTOP-J7JVCU8O" failures="0" tests="7" name="testcases.ProjectTests" time="72.930" errors="0" timestamp="2025-02-06T16:00:07 IST" skipped="0">
  <testcase classname="testcases.ProjectTests" name="AECP_ProjectManager_Project_TC001" time="9.979"/>
  <testcase classname="testcases.ProjectTests" name="AECP_ProjectManager_Project_TC002" time="9.886"/>
  <testcase classname="testcases.ProjectTests" name="AECP_ProjectManager_Dashboard_TC004" time="11.302"/>
  <testcase classname="testcases.ProjectTests" name="AECP_ProjectManager_Project_TC005" time="12.294"/>
  <testcase classname="testcases.ProjectTests" name="AECP_ProjectManager_Project_TC006" time="9.945"/>
  <testcase classname="testcases.ProjectTests" name="AECP_ProjectManager_Project_TC009" time="9.475"/>
  <testcase classname="testcases.ProjectTests" name="AECP_ProjectManager_Project_TC015" time="10.049"/>
</testsuite> <!-- testcases.ProjectTests -->
