<?xml version="1.0" encoding="UTF-8"?>
<!-- Generated by org.testng.reporters.JUnitReportReporter -->
<testsuite hostname="LAPTOP-J7JVCU8O" failures="1" tests="22" name="testcases.TaskTests" time="250.089" errors="0" timestamp="2025-02-06T16:00:07 IST" skipped="0">
  <testcase classname="testcases.TaskTests" name="AECP_ProjectManager_Task_TC001" time="9.818"/>
  <testcase classname="testcases.TaskTests" name="AECP_ProjectManager_Task_TC002" time="13.636"/>
  <testcase classname="testcases.TaskTests" name="AECP_ProjectManager_Task_TC004" time="9.887"/>
  <testcase classname="testcases.TaskTests" name="AECP_ProjectManager_Task_TC006" time="15.432"/>
  <testcase classname="testcases.TaskTests" name="AECP_ProjectManager_Task_TC009" time="9.847"/>
  <testcase classname="testcases.TaskTests" name="AECP_ProjectManager_Task_TC009" time="10.139"/>
  <testcase classname="testcases.TaskTests" name="AECP_ProjectManager_Task_TC009" time="10.582"/>
  <testcase classname="testcases.TaskTests" name="AECP_ProjectManager_Task_TC009" time="10.005"/>
  <testcase classname="testcases.TaskTests" name="AECP_ProjectManager_Task_TC009" time="10.568"/>
  <testcase classname="testcases.TaskTests" name="AECP_ProjectManager_Task_TC009" time="9.886"/>
  <testcase classname="testcases.TaskTests" name="AECP_ProjectManager_Task_TC009" time="10.145"/>
  <testcase classname="testcases.TaskTests" name="AECP_ProjectManager_Task_TC009" time="17.118"/>
  <testcase classname="testcases.TaskTests" name="AECP_ProjectManager_Task_TC009" time="14.823"/>
  <testcase classname="testcases.TaskTests" name="AECP_ProjectManager_Task_TC010" time="9.610"/>
  <testcase classname="testcases.TaskTests" name="AECP_ProjectManager_Task_TC011" time="17.160"/>
  <testcase classname="testcases.TaskTests" name="AECP_ProjectManager_Task_TC011" time="10.132"/>
  <testcase classname="testcases.TaskTests" name="AECP_ProjectManager_Task_TC011" time="10.048"/>
  <testcase classname="testcases.TaskTests" name="AECP_ProjectManager_Task_TC012" time="10.624"/>
  <testcase classname="testcases.TaskTests" name="AECP_ProjectManager_Task_TC018" time="9.528"/>
  <testcase classname="testcases.TaskTests" name="AECP_ProjectManager_Task_TC033" time="10.432"/>
  <testcase classname="testcases.TaskTests" name="AECP_ProjectManager_Task_TC034" time="10.510"/>
  <testcase classname="testcases.TaskTests" name="AECP_ProjectManager_Task_TC035" time="10.159">
    <failure message="expected [false] but found [true]" type="java.lang.AssertionError">
      <![CDATA[java.lang.AssertionError: expected [false] but found [true]
at org.testng.Assert.fail(Assert.java:111)
at org.testng.Assert.failNotEquals(Assert.java:1578)
at org.testng.Assert.assertFalse(Assert.java:79)
at org.testng.Assert.assertFalse(Assert.java:89)
at pages.TaskPage.deleteTask(TaskPage.java:152)
at testcases.TaskTests.AECP_ProjectManager_Task_TC035(TaskTests.java:223)
at java.base/jdk.internal.reflect.DirectMethodHandleAccessor.invoke(DirectMethodHandleAccessor.java:104)
at java.base/java.lang.reflect.Method.invoke(Method.java:577)
at org.testng.internal.invokers.MethodInvocationHelper.invokeMethod(MethodInvocationHelper.java:141)
at org.testng.internal.invokers.TestInvoker.invokeMethod(TestInvoker.java:686)
at org.testng.internal.invokers.TestInvoker.invokeTestMethod(TestInvoker.java:230)
at org.testng.internal.invokers.MethodRunner.runInSequence(MethodRunner.java:63)
at org.testng.internal.invokers.TestInvoker$MethodInvocationAgent.invoke(TestInvoker.java:992)
at org.testng.internal.invokers.TestInvoker.invokeTestMethods(TestInvoker.java:203)
at org.testng.internal.invokers.TestMethodWorker.invokeTestMethods(TestMethodWorker.java:154)
at org.testng.internal.invokers.TestMethodWorker.run(TestMethodWorker.java:134)
at java.base/java.util.ArrayList.forEach(ArrayList.java:1511)
at org.testng.TestRunner.privateRun(TestRunner.java:739)
at org.testng.TestRunner.run(TestRunner.java:614)
at org.testng.SuiteRunner.runTest(SuiteRunner.java:421)
at org.testng.SuiteRunner.runSequentially(SuiteRunner.java:413)
at org.testng.SuiteRunner.privateRun(SuiteRunner.java:373)
at org.testng.SuiteRunner.run(SuiteRunner.java:312)
at org.testng.SuiteRunnerWorker.runSuite(SuiteRunnerWorker.java:52)
at org.testng.SuiteRunnerWorker.run(SuiteRunnerWorker.java:95)
at org.testng.TestNG.runSuitesSequentially(TestNG.java:1274)
at org.testng.TestNG.runSuitesLocally(TestNG.java:1208)
at org.testng.TestNG.runSuites(TestNG.java:1112)
at org.testng.TestNG.run(TestNG.java:1079)
at org.testng.remote.AbstractRemoteTestNG.run(AbstractRemoteTestNG.java:115)
at org.testng.remote.RemoteTestNG.initAndRun(RemoteTestNG.java:293)
at org.testng.remote.RemoteTestNG.main(RemoteTestNG.java:91)
]]>
    </failure>
  </testcase> <!-- AECP_ProjectManager_Task_TC035 -->
</testsuite> <!-- testcases.TaskTests -->
