<?xml version="1.0" encoding="UTF-8"?>
<!-- Generated by org.testng.reporters.JUnitReportReporter -->
<testsuite hostname="LAPTOP-J7JVCU8O" failures="0" tests="9" name="testcases.DashbaordTests" time="89.992" errors="0" timestamp="2025-01-28T13:20:47 IST" skipped="0">
  <testcase classname="testcases.DashbaordTests" name="AECP_ProjectManager_Dashboard_TC008" time="9.807"/>
  <testcase classname="testcases.DashbaordTests" name="AECP_ProjectManager_Dashboard_TC008" time="9.484"/>
  <testcase classname="testcases.DashbaordTests" name="AECP_ProjectManager_Dashboard_TC008" time="9.925"/>
  <testcase classname="testcases.DashbaordTests" name="AECP_ProjectManager_Dashboard_TC008" time="9.539"/>
  <testcase classname="testcases.DashbaordTests" name="AECP_ProjectManager_Dashboard_TC008" time="10.258"/>
  <testcase classname="testcases.DashbaordTests" name="AECP_ProjectManager_Dashboard_TC008" time="9.794"/>
  <testcase classname="testcases.DashbaordTests" name="AECP_ProjectManager_Dashboard_TC008" time="9.855"/>
  <testcase classname="testcases.DashbaordTests" name="AECP_ProjectManager_Dashboard_TC008" time="11.589"/>
  <testcase classname="testcases.DashbaordTests" name="AECP_ProjectManager_Dashboard_TC008" time="9.741"/>
</testsuite> <!-- testcases.DashbaordTests -->
